# Rescue Logfile. Created by GNU ddrescue version 1.19
# Command line: ddrescue -b 2048 -M -d -v /dev/sr0 image.iso image.log
# Start time:   2015-10-29 09:44:54
# Current time: 2015-10-29 11:28:20
# Trimming failed blocks... (forwards)
# current_pos  current_status
0x6A311800     *
#      pos        size  status
0x00000000  0x00690000  +
0x00690000  0x00001000  -
0x00691000  0x0000E000  /
0x0069F000  0x00001000  -
0x006A0000  0x311F0000  +
0x31890000  0x00001000  -
0x31891000  0x00016000  /
0x318A7000  0x00001000  -
0x318A8000  0x002A0000  +
0x31B48000  0x00001000  -
0x31B49000  0x00016000  /
0x31B5F000  0x00001000  -
0x31B60000  0x37310000  +
0x68E70000  0x00001000  -
0x68E71000  0x00005800  /
0x68E76800  0x00001000  -
0x68E77800  0x0006B800  +
0x68EE3000  0x00001000  -
0x68EE4000  0x00003000  /
0x68EE7000  0x00001000  -
0x68EE8000  0x00010000  +
0x68EF8000  0x00001000  -
0x68EF9000  0x00005800  /
0x68EFE800  0x00001000  -
0x68EFF800  0x00010800  +
0x68F10000  0x00001000  -
0x68F11000  0x00006000  /
0x68F17000  0x00001000  -
0x68F18000  0x00028000  +
0x68F40000  0x00001000  -
0x68F41000  0x00006000  /
0x68F47000  0x00001000  -
0x68F48000  0x00010000  +
0x68F58000  0x00001000  -
0x68F59000  0x00005800  /
0x68F5E800  0x00001000  -
0x68F5F800  0x00010800  +
0x68F70000  0x00001000  -
0x68F71000  0x00006000  /
0x68F77000  0x00001000  -
0x68F78000  0x00025000  +
0x68F9D000  0x00001000  -
0x68F9E000  0x00000800  /
0x68F9E800  0x00001000  -
0x68F9F800  0x00010800  +
0x68FB0000  0x00001000  -
0x68FB1000  0x00006000  /
0x68FB7000  0x00001000  -
0x68FB8000  0x00010000  +
0x68FC8000  0x00001000  -
0x68FC9000  0x00005800  /
0x68FCE800  0x00001000  -
0x68FCF800  0x00010800  +
0x68FE0000  0x00001000  -
0x68FE1000  0x00005800  /
0x68FE6800  0x00001000  -
0x68FE7800  0x00010800  +
0x68FF8000  0x00001000  -
0x68FF9000  0x00005800  /
0x68FFE800  0x00001000  -
0x68FFF800  0x00010800  +
0x69010000  0x00001000  -
0x69011000  0x00006000  /
0x69017000  0x00001000  -
0x69018000  0x00008000  +
0x69020000  0x00001000  -
0x69021000  0x00006000  /
0x69027000  0x00001000  -
0x69028000  0x00010000  +
0x69038000  0x00001000  -
0x69039000  0x00002800  /
0x6903B800  0x00001000  -
0x6903C800  0x00000800  +
0x6903D000  0x00000800  -
0x6903D800  0x00000800  +
0x6903E000  0x00000800  -
0x6903E800  0x00000800  +
0x6903F000  0x00000800  -
0x6903F800  0x00010800  +
0x69050000  0x00000800  -
0x69050800  0x00000800  +
0x69051000  0x00000800  -
0x69051800  0x00000800  +
0x69052000  0x00000800  -
0x69052800  0x00000800  +
0x69053000  0x00000800  -
0x69053800  0x00000800  +
0x69054000  0x00000800  -
0x69054800  0x00000800  +
0x69055000  0x00000800  -
0x69055800  0x00000800  +
0x69056000  0x00000800  -
0x69056800  0x00000800  +
0x69057000  0x00000800  -
0x69057800  0x00010800  +
0x69068000  0x00000800  -
0x69068800  0x00000800  +
0x69069000  0x00000800  -
0x69069800  0x00000800  +
0x6906A000  0x00000800  -
0x6906A800  0x00000800  +
0x6906B000  0x00000800  -
0x6906B800  0x00000800  +
0x6906C000  0x00000800  -
0x6906C800  0x00000800  +
0x6906D000  0x00000800  -
0x6906D800  0x0002B000  +
0x69098800  0x00000800  -
0x69099000  0x00000800  +
0x69099800  0x00000800  -
0x6909A000  0x00000800  +
0x6909A800  0x00000800  -
0x6909B000  0x00000800  +
0x6909B800  0x00000800  -
0x6909C000  0x00000800  +
0x6909C800  0x00000800  -
0x6909D000  0x00000800  +
0x6909D800  0x00000800  -
0x6909E000  0x00000800  +
0x6909E800  0x00000800  -
0x6909F000  0x00000800  +
0x6909F800  0x00000800  -
0x690A0000  0x00010800  +
0x690B0800  0x00000800  -
0x690B1000  0x00000800  +
0x690B1800  0x00000800  -
0x690B2000  0x00000800  +
0x690B2800  0x00000800  -
0x690B3000  0x00000800  +
0x690B3800  0x00000800  -
0x690B4000  0x00000800  +
0x690B4800  0x00000800  -
0x690B5000  0x00000800  +
0x690B5800  0x00000800  -
0x690B6000  0x00000800  +
0x690B6800  0x00000800  -
0x690B7000  0x00000800  +
0x690B7800  0x00000800  -
0x690B8000  0x00020000  +
0x690D8000  0x00000800  -
0x690D8800  0x00000800  +
0x690D9000  0x00000800  -
0x690D9800  0x00000800  +
0x690DA000  0x00000800  -
0x690DA800  0x00000800  +
0x690DB000  0x00000800  -
0x690DB800  0x00000800  +
0x690DC000  0x00000800  -
0x690DC800  0x00000800  +
0x690DD000  0x00000800  -
0x690DD800  0x00000800  +
0x690DE000  0x00000800  -
0x690DE800  0x00000800  +
0x690DF000  0x00000800  -
0x690DF800  0x00010800  +
0x690F0000  0x00000800  -
0x690F0800  0x00000800  +
0x690F1000  0x00000800  -
0x690F1800  0x00000800  +
0x690F2000  0x00000800  -
0x690F2800  0x00000800  +
0x690F3000  0x00000800  -
0x690F3800  0x00000800  +
0x690F4000  0x00000800  -
0x690F4800  0x00000800  +
0x690F5000  0x00000800  -
0x690F5800  0x00000800  +
0x690F6000  0x00000800  -
0x690F6800  0x00000800  +
0x690F7000  0x00000800  -
0x690F7800  0x00010800  +
0x69108000  0x00000800  -
0x69108800  0x00000800  +
0x69109000  0x00000800  -
0x69109800  0x00000800  +
0x6910A000  0x00000800  -
0x6910A800  0x00000800  +
0x6910B000  0x00000800  -
0x6910B800  0x00000800  +
0x6910C000  0x00000800  -
0x6910C800  0x00000800  +
0x6910D000  0x00000800  -
0x6910D800  0x00000800  +
0x6910E000  0x00000800  -
0x6910E800  0x00000800  +
0x6910F000  0x00000800  -
0x6910F800  0x00010800  +
0x69120000  0x00000800  -
0x69120800  0x00000800  +
0x69121000  0x00000800  -
0x69121800  0x00000800  +
0x69122000  0x00000800  -
0x69122800  0x00000800  +
0x69123000  0x00000800  -
0x69123800  0x00000800  +
0x69124000  0x00000800  -
0x69124800  0x00000800  +
0x69125000  0x00000800  -
0x69125800  0x00000800  +
0x69126000  0x00000800  -
0x69126800  0x00000800  +
0x69127000  0x00000800  -
0x69127800  0x00010800  +
0x69138000  0x00000800  -
0x69138800  0x00000800  +
0x69139000  0x00000800  -
0x69139800  0x00000800  +
0x6913A000  0x00000800  -
0x6913A800  0x00000800  +
0x6913B000  0x00000800  -
0x6913B800  0x00000800  +
0x6913C000  0x00000800  -
0x6913C800  0x00000800  +
0x6913D000  0x00000800  -
0x6913D800  0x00000800  +
0x6913E000  0x00000800  -
0x6913E800  0x00000800  +
0x6913F000  0x00000800  -
0x6913F800  0x0002B000  +
0x6916A800  0x00000800  -
0x6916B000  0x00000800  +
0x6916B800  0x00000800  -
0x6916C000  0x00000800  +
0x6916C800  0x00000800  -
0x6916D000  0x00000800  +
0x6916D800  0x00000800  -
0x6916E000  0x00000800  +
0x6916E800  0x00000800  -
0x6916F000  0x00000800  +
0x6916F800  0x00000800  -
0x69170000  0x00008800  +
0x69178800  0x00000800  -
0x69179000  0x00000800  +
0x69179800  0x00000800  -
0x6917A000  0x00000800  +
0x6917A800  0x00000800  -
0x6917B000  0x00000800  +
0x6917B800  0x00000800  -
0x6917C000  0x00000800  +
0x6917C800  0x00000800  -
0x6917D000  0x00000800  +
0x6917D800  0x00000800  -
0x6917E000  0x00000800  +
0x6917E800  0x00000800  -
0x6917F000  0x00000800  +
0x6917F800  0x00000800  -
0x69180000  0x00010800  +
0x69190800  0x00000800  -
0x69191000  0x00000800  +
0x69191800  0x00000800  -
0x69192000  0x00000800  +
0x69192800  0x00000800  -
0x69193000  0x00000800  +
0x69193800  0x00000800  -
0x69194000  0x00000800  +
0x69194800  0x00000800  -
0x69195000  0x00000800  +
0x69195800  0x00000800  -
0x69196000  0x00000800  +
0x69196800  0x00000800  -
0x69197000  0x00000800  +
0x69197800  0x00000800  -
0x69198000  0x00040800  +
0x691D8800  0x00000800  -
0x691D9000  0x00000800  +
0x691D9800  0x00000800  -
0x691DA000  0x00000800  +
0x691DA800  0x00000800  -
0x691DB000  0x00000800  +
0x691DB800  0x00000800  -
0x691DC000  0x00000800  +
0x691DC800  0x00000800  -
0x691DD000  0x00000800  +
0x691DD800  0x00000800  -
0x691DE000  0x00000800  +
0x691DE800  0x00000800  -
0x691DF000  0x00000800  +
0x691DF800  0x00000800  -
0x691E0000  0x00010800  +
0x691F0800  0x00000800  -
0x691F1000  0x00000800  +
0x691F1800  0x00000800  -
0x691F2000  0x00000800  +
0x691F2800  0x00000800  -
0x691F3000  0x00000800  +
0x691F3800  0x00000800  -
0x691F4000  0x00000800  +
0x691F4800  0x00000800  -
0x691F5000  0x00000800  +
0x691F5800  0x00000800  -
0x691F6000  0x00000800  +
0x691F6800  0x00000800  -
0x691F7000  0x00000800  +
0x691F7800  0x00000800  -
0x691F8000  0x00050000  +
0x69248000  0x00000800  -
0x69248800  0x00000800  +
0x69249000  0x00000800  -
0x69249800  0x00000800  +
0x6924A000  0x00000800  -
0x6924A800  0x00000800  +
0x6924B000  0x00000800  -
0x6924B800  0x00000800  +
0x6924C000  0x00000800  -
0x6924C800  0x00000800  +
0x6924D000  0x00000800  -
0x6924D800  0x00000800  +
0x6924E000  0x00000800  -
0x6924E800  0x00000800  +
0x6924F000  0x00000800  -
0x6924F800  0x00010800  +
0x69260000  0x00000800  -
0x69260800  0x00000800  +
0x69261000  0x00000800  -
0x69261800  0x00000800  +
0x69262000  0x00000800  -
0x69262800  0x00000800  +
0x69263000  0x00000800  -
0x69263800  0x00000800  +
0x69264000  0x00000800  -
0x69264800  0x00000800  +
0x69265000  0x00000800  -
0x69265800  0x00000800  +
0x69266000  0x00000800  -
0x69266800  0x00000800  +
0x69267000  0x00000800  -
0x69267800  0x00010800  +
0x69278000  0x00000800  -
0x69278800  0x00001800  +
0x6927A000  0x00000800  -
0x6927A800  0x00000800  +
0x6927B000  0x00000800  -
0x6927B800  0x00000800  +
0x6927C000  0x00000800  -
0x6927C800  0x00000800  +
0x6927D000  0x00000800  -
0x6927D800  0x00000800  +
0x6927E000  0x00000800  -
0x6927E800  0x00000800  +
0x6927F000  0x00000800  -
0x6927F800  0x00010800  +
0x69290000  0x00000800  -
0x69290800  0x00000800  +
0x69291000  0x00000800  -
0x69291800  0x00000800  +
0x69292000  0x00000800  -
0x69292800  0x00000800  +
0x69293000  0x00000800  -
0x69293800  0x00000800  +
0x69294000  0x00000800  -
0x69294800  0x00000800  +
0x69295000  0x00000800  -
0x69295800  0x00000800  +
0x69296000  0x00000800  -
0x69296800  0x00000800  +
0x69297000  0x00000800  -
0x69297800  0x00010800  +
0x692A8000  0x00000800  -
0x692A8800  0x00000800  +
0x692A9000  0x00000800  -
0x692A9800  0x00000800  +
0x692AA000  0x00000800  -
0x692AA800  0x00000800  +
0x692AB000  0x00000800  -
0x692AB800  0x00000800  +
0x692AC000  0x00000800  -
0x692AC800  0x00000800  +
0x692AD000  0x00000800  -
0x692AD800  0x00000800  +
0x692AE000  0x00000800  -
0x692AE800  0x00000800  +
0x692AF000  0x00000800  -
0x692AF800  0x00010800  +
0x692C0000  0x00000800  -
0x692C0800  0x00000800  +
0x692C1000  0x00000800  -
0x692C1800  0x00000800  +
0x692C2000  0x00000800  -
0x692C2800  0x00000800  +
0x692C3000  0x00000800  -
0x692C3800  0x00000800  +
0x692C4000  0x00000800  -
0x692C4800  0x00000800  +
0x692C5000  0x00000800  -
0x692C5800  0x00000800  +
0x692C6000  0x00000800  -
0x692C6800  0x00000800  +
0x692C7000  0x00000800  -
0x692C7800  0x00008800  +
0x692D0000  0x00000800  -
0x692D0800  0x00000800  +
0x692D1000  0x00000800  -
0x692D1800  0x00000800  +
0x692D2000  0x00000800  -
0x692D2800  0x00000800  +
0x692D3000  0x00000800  -
0x692D3800  0x00000800  +
0x692D4000  0x00000800  -
0x692D4800  0x00000800  +
0x692D5000  0x00000800  -
0x692D5800  0x00000800  +
0x692D6000  0x00000800  -
0x692D6800  0x00000800  +
0x692D7000  0x00000800  -
0x692D7800  0x00010800  +
0x692E8000  0x00000800  -
0x692E8800  0x00000800  +
0x692E9000  0x00000800  -
0x692E9800  0x00000800  +
0x692EA000  0x00000800  -
0x692EA800  0x00000800  +
0x692EB000  0x00000800  -
0x692EB800  0x00000800  +
0x692EC000  0x00000800  -
0x692EC800  0x00000800  +
0x692ED000  0x00000800  -
0x692ED800  0x00000800  +
0x692EE000  0x00000800  -
0x692EE800  0x00000800  +
0x692EF000  0x00000800  -
0x692EF800  0x00010800  +
0x69300000  0x00000800  -
0x69300800  0x00000800  +
0x69301000  0x00000800  -
0x69301800  0x00000800  +
0x69302000  0x00000800  -
0x69302800  0x00000800  +
0x69303000  0x00000800  -
0x69303800  0x00000800  +
0x69304000  0x00000800  -
0x69304800  0x00000800  +
0x69305000  0x00000800  -
0x69305800  0x00000800  +
0x69306000  0x00000800  -
0x69306800  0x00000800  +
0x69307000  0x00000800  -
0x69307800  0x00011000  +
0x69318800  0x00000800  -
0x69319000  0x00000800  +
0x69319800  0x00000800  -
0x6931A000  0x00000800  +
0x6931A800  0x00000800  -
0x6931B000  0x00000800  +
0x6931B800  0x00000800  -
0x6931C000  0x00000800  +
0x6931C800  0x00000800  -
0x6931D000  0x00000800  +
0x6931D800  0x00000800  -
0x6931E000  0x00000800  +
0x6931E800  0x00000800  -
0x6931F000  0x00000800  +
0x6931F800  0x00000800  -
0x69320000  0x00010800  +
0x69330800  0x00000800  -
0x69331000  0x00000800  +
0x69331800  0x00000800  -
0x69332000  0x00000800  +
0x69332800  0x00000800  -
0x69333000  0x00000800  +
0x69333800  0x00000800  -
0x69334000  0x00000800  +
0x69334800  0x00000800  -
0x69335000  0x00000800  +
0x69335800  0x00000800  -
0x69336000  0x00000800  +
0x69336800  0x00000800  -
0x69337000  0x00000800  +
0x69337800  0x00000800  -
0x69338000  0x00010800  +
0x69348800  0x00000800  -
0x69349000  0x00000800  +
0x69349800  0x00000800  -
0x6934A000  0x00000800  +
0x6934A800  0x00000800  -
0x6934B000  0x00000800  +
0x6934B800  0x00000800  -
0x6934C000  0x00000800  +
0x6934C800  0x00000800  -
0x6934D000  0x00000800  +
0x6934D800  0x00000800  -
0x6934E000  0x00000800  +
0x6934E800  0x00000800  -
0x6934F000  0x00000800  +
0x6934F800  0x00000800  -
0x69350000  0x00010800  +
0x69360800  0x00000800  -
0x69361000  0x00000800  +
0x69361800  0x00000800  -
0x69362000  0x00011000  +
0x69373000  0x00000800  -
0x69373800  0x00000800  +
0x69374000  0x00000800  -
0x69374800  0x00000800  +
0x69375000  0x00000800  -
0x69375800  0x00000800  +
0x69376000  0x00000800  -
0x69376800  0x00000800  +
0x69377000  0x00000800  -
0x69377800  0x00010800  +
0x69388000  0x00000800  -
0x69388800  0x00000800  +
0x69389000  0x00000800  -
0x69389800  0x00000800  +
0x6938A000  0x00000800  -
0x6938A800  0x00000800  +
0x6938B000  0x00000800  -
0x6938B800  0x00000800  +
0x6938C000  0x00000800  -
0x6938C800  0x00000800  +
0x6938D000  0x00000800  -
0x6938D800  0x00000800  +
0x6938E000  0x00000800  -
0x6938E800  0x00000800  +
0x6938F000  0x00000800  -
0x6938F800  0x00010800  +
0x693A0000  0x00001800  -
0x693A1800  0x00000800  +
0x693A2000  0x00000800  -
0x693A2800  0x00000800  +
0x693A3000  0x00000800  -
0x693A3800  0x00000800  +
0x693A4000  0x00000800  -
0x693A4800  0x00000800  +
0x693A5000  0x00000800  -
0x693A5800  0x00000800  +
0x693A6000  0x00000800  -
0x693A6800  0x00000800  +
0x693A7000  0x00000800  -
0x693A7800  0x00010800  +
0x693B8000  0x00000800  -
0x693B8800  0x00000800  +
0x693B9000  0x00000800  -
0x693B9800  0x00000800  +
0x693BA000  0x00000800  -
0x693BA800  0x00000800  +
0x693BB000  0x00000800  -
0x693BB800  0x00000800  +
0x693BC000  0x00000800  -
0x693BC800  0x00000800  +
0x693BD000  0x00000800  -
0x693BD800  0x00000800  +
0x693BE000  0x00000800  -
0x693BE800  0x00000800  +
0x693BF000  0x00000800  -
0x693BF800  0x00055000  +
0x69414800  0x00000800  -
0x69415000  0x00000800  +
0x69415800  0x00000800  -
0x69416000  0x00000800  +
0x69416800  0x00000800  -
0x69417000  0x00000800  +
0x69417800  0x00000800  -
0x69418000  0x00010800  +
0x69428800  0x00000800  -
0x69429000  0x00000800  +
0x69429800  0x00000800  -
0x6942A000  0x00000800  +
0x6942A800  0x00000800  -
0x6942B000  0x00000800  +
0x6942B800  0x00000800  -
0x6942C000  0x00000800  +
0x6942C800  0x00000800  -
0x6942D000  0x00000800  +
0x6942D800  0x00000800  -
0x6942E000  0x00000800  +
0x6942E800  0x00000800  -
0x6942F000  0x00000800  +
0x6942F800  0x00000800  -
0x69430000  0x00010800  +
0x69440800  0x00000800  -
0x69441000  0x00000800  +
0x69441800  0x00000800  -
0x69442000  0x00000800  +
0x69442800  0x00000800  -
0x69443000  0x00000800  +
0x69443800  0x00000800  -
0x69444000  0x00000800  +
0x69444800  0x00000800  -
0x69445000  0x00000800  +
0x69445800  0x00000800  -
0x69446000  0x00000800  +
0x69446800  0x00000800  -
0x69447000  0x00000800  +
0x69447800  0x00000800  -
0x69448000  0x00040800  +
0x69488800  0x00000800  -
0x69489000  0x00000800  +
0x69489800  0x00000800  -
0x6948A000  0x00000800  +
0x6948A800  0x00000800  -
0x6948B000  0x00000800  +
0x6948B800  0x00000800  -
0x6948C000  0x00000800  +
0x6948C800  0x00000800  -
0x6948D000  0x00000800  +
0x6948D800  0x00000800  -
0x6948E000  0x00000800  +
0x6948E800  0x00000800  -
0x6948F000  0x00000800  +
0x6948F800  0x00000800  -
0x69490000  0x00010800  +
0x694A0800  0x00000800  -
0x694A1000  0x00000800  +
0x694A1800  0x00000800  -
0x694A2000  0x00000800  +
0x694A2800  0x00000800  -
0x694A3000  0x00000800  +
0x694A3800  0x00000800  -
0x694A4000  0x00000800  +
0x694A4800  0x00000800  -
0x694A5000  0x00000800  +
0x694A5800  0x00000800  -
0x694A6000  0x00000800  +
0x694A6800  0x00000800  -
0x694A7000  0x00000800  +
0x694A7800  0x00000800  -
0x694A8000  0x00020800  +
0x694C8800  0x00000800  -
0x694C9000  0x00000800  +
0x694C9800  0x00000800  -
0x694CA000  0x00000800  +
0x694CA800  0x00000800  -
0x694CB000  0x00000800  +
0x694CB800  0x00000800  -
0x694CC000  0x00000800  +
0x694CC800  0x00000800  -
0x694CD000  0x00000800  +
0x694CD800  0x00000800  -
0x694CE000  0x00000800  +
0x694CE800  0x00000800  -
0x694CF000  0x00000800  +
0x694CF800  0x00000800  -
0x694D0000  0x00010800  +
0x694E0800  0x00000800  -
0x694E1000  0x00000800  +
0x694E1800  0x00000800  -
0x694E2000  0x00000800  +
0x694E2800  0x00000800  -
0x694E3000  0x00000800  +
0x694E3800  0x00000800  -
0x694E4000  0x00000800  +
0x694E4800  0x00000800  -
0x694E5000  0x00000800  +
0x694E5800  0x00000800  -
0x694E6000  0x00000800  +
0x694E6800  0x00000800  -
0x694E7000  0x00000800  +
0x694E7800  0x00000800  -
0x694E8000  0x00010800  +
0x694F8800  0x00000800  -
0x694F9000  0x00000800  +
0x694F9800  0x00000800  -
0x694FA000  0x00000800  +
0x694FA800  0x00000800  -
0x694FB000  0x00000800  +
0x694FB800  0x00000800  -
0x694FC000  0x00000800  +
0x694FC800  0x00000800  -
0x694FD000  0x00000800  +
0x694FD800  0x00000800  -
0x694FE000  0x00000800  +
0x694FE800  0x00000800  -
0x694FF000  0x00000800  +
0x694FF800  0x00000800  -
0x69500000  0x00040000  +
0x69540000  0x00000800  -
0x69540800  0x00000800  +
0x69541000  0x00000800  -
0x69541800  0x00000800  +
0x69542000  0x00000800  -
0x69542800  0x00000800  +
0x69543000  0x00000800  -
0x69543800  0x00000800  +
0x69544000  0x00000800  -
0x69544800  0x00000800  +
0x69545000  0x00000800  -
0x69545800  0x00000800  +
0x69546000  0x00000800  -
0x69546800  0x00000800  +
0x69547000  0x00000800  -
0x69547800  0x00010800  +
0x69558000  0x00000800  -
0x69558800  0x00000800  +
0x69559000  0x00000800  -
0x69559800  0x00000800  +
0x6955A000  0x00000800  -
0x6955A800  0x00000800  +
0x6955B000  0x00000800  -
0x6955B800  0x00000800  +
0x6955C000  0x00000800  -
0x6955C800  0x00000800  +
0x6955D000  0x00000800  -
0x6955D800  0x00000800  +
0x6955E000  0x00000800  -
0x6955E800  0x00000800  +
0x6955F000  0x00000800  -
0x6955F800  0x00056800  +
0x695B6000  0x00000800  -
0x695B6800  0x00000800  +
0x695B7000  0x00000800  -
0x695B7800  0x00010800  +
0x695C8000  0x00000800  -
0x695C8800  0x00000800  +
0x695C9000  0x00000800  -
0x695C9800  0x00000800  +
0x695CA000  0x00000800  -
0x695CA800  0x00000800  +
0x695CB000  0x00000800  -
0x695CB800  0x00000800  +
0x695CC000  0x00000800  -
0x695CC800  0x00000800  +
0x695CD000  0x00000800  -
0x695CD800  0x00000800  +
0x695CE000  0x00000800  -
0x695CE800  0x00000800  +
0x695CF000  0x00000800  -
0x695CF800  0x00010800  +
0x695E0000  0x00000800  -
0x695E0800  0x00000800  +
0x695E1000  0x00000800  -
0x695E1800  0x00000800  +
0x695E2000  0x00000800  -
0x695E2800  0x00000800  +
0x695E3000  0x00000800  -
0x695E3800  0x00000800  +
0x695E4000  0x00000800  -
0x695E4800  0x00000800  +
0x695E5000  0x00000800  -
0x695E5800  0x00000800  +
0x695E6000  0x00000800  -
0x695E6800  0x00000800  +
0x695E7000  0x00000800  -
0x695E7800  0x00010800  +
0x695F8000  0x00000800  -
0x695F8800  0x00000800  +
0x695F9000  0x00000800  -
0x695F9800  0x00000800  +
0x695FA000  0x00000800  -
0x695FA800  0x00000800  +
0x695FB000  0x00000800  -
0x695FB800  0x00000800  +
0x695FC000  0x00000800  -
0x695FC800  0x00000800  +
0x695FD000  0x00000800  -
0x695FD800  0x00000800  +
0x695FE000  0x00000800  -
0x695FE800  0x00000800  +
0x695FF000  0x00000800  -
0x695FF800  0x00023000  +
0x69622800  0x00000800  -
0x69623000  0x00000800  +
0x69623800  0x00000800  -
0x69624000  0x00000800  +
0x69624800  0x00000800  -
0x69625000  0x00000800  +
0x69625800  0x00000800  -
0x69626000  0x00000800  +
0x69626800  0x00000800  -
0x69627000  0x00000800  +
0x69627800  0x00000800  -
0x69628000  0x00010800  +
0x69638800  0x00000800  -
0x69639000  0x00000800  +
0x69639800  0x00000800  -
0x6963A000  0x00000800  +
0x6963A800  0x00000800  -
0x6963B000  0x00000800  +
0x6963B800  0x00000800  -
0x6963C000  0x00000800  +
0x6963C800  0x00000800  -
0x6963D000  0x00000800  +
0x6963D800  0x00000800  -
0x6963E000  0x00000800  +
0x6963E800  0x00000800  -
0x6963F000  0x00000800  +
0x6963F800  0x00000800  -
0x69640000  0x00010800  +
0x69650800  0x00000800  -
0x69651000  0x00000800  +
0x69651800  0x00000800  -
0x69652000  0x00000800  +
0x69652800  0x00000800  -
0x69653000  0x00000800  +
0x69653800  0x00000800  -
0x69654000  0x00000800  +
0x69654800  0x00000800  -
0x69655000  0x00000800  +
0x69655800  0x00000800  -
0x69656000  0x00000800  +
0x69656800  0x00000800  -
0x69657000  0x00000800  +
0x69657800  0x00000800  -
0x69658000  0x00010800  +
0x69668800  0x00000800  -
0x69669000  0x00000800  +
0x69669800  0x00000800  -
0x6966A000  0x00000800  +
0x6966A800  0x00000800  -
0x6966B000  0x00000800  +
0x6966B800  0x00000800  -
0x6966C000  0x00000800  +
0x6966C800  0x00000800  -
0x6966D000  0x00000800  +
0x6966D800  0x00000800  -
0x6966E000  0x00000800  +
0x6966E800  0x00000800  -
0x6966F000  0x00000800  +
0x6966F800  0x00000800  -
0x69670000  0x00010800  +
0x69680800  0x00000800  -
0x69681000  0x00057000  +
0x696D8000  0x00000800  -
0x696D8800  0x00000800  +
0x696D9000  0x00000800  -
0x696D9800  0x00000800  +
0x696DA000  0x00000800  -
0x696DA800  0x00000800  +
0x696DB000  0x00000800  -
0x696DB800  0x00000800  +
0x696DC000  0x00000800  -
0x696DC800  0x00000800  +
0x696DD000  0x00000800  -
0x696DD800  0x00000800  +
0x696DE000  0x00000800  -
0x696DE800  0x00000800  +
0x696DF000  0x00000800  -
0x696DF800  0x00010800  +
0x696F0000  0x00000800  -
0x696F0800  0x00000800  +
0x696F1000  0x00000800  -
0x696F1800  0x00000800  +
0x696F2000  0x00000800  -
0x696F2800  0x00000800  +
0x696F3000  0x00000800  -
0x696F3800  0x00000800  +
0x696F4000  0x00000800  -
0x696F4800  0x00000800  +
0x696F5000  0x00000800  -
0x696F5800  0x00000800  +
0x696F6000  0x00000800  -
0x696F6800  0x00000800  +
0x696F7000  0x00000800  -
0x696F7800  0x00041000  +
0x69738800  0x00000800  -
0x69739000  0x00000800  +
0x69739800  0x00000800  -
0x6973A000  0x00000800  +
0x6973A800  0x00000800  -
0x6973B000  0x00000800  +
0x6973B800  0x00000800  -
0x6973C000  0x00000800  +
0x6973C800  0x00000800  -
0x6973D000  0x00000800  +
0x6973D800  0x00000800  -
0x6973E000  0x00000800  +
0x6973E800  0x00000800  -
0x6973F000  0x00000800  +
0x6973F800  0x00000800  -
0x69740000  0x00010800  +
0x69750800  0x00000800  -
0x69751000  0x00000800  +
0x69751800  0x00000800  -
0x69752000  0x00000800  +
0x69752800  0x00000800  -
0x69753000  0x00000800  +
0x69753800  0x00000800  -
0x69754000  0x00000800  +
0x69754800  0x00000800  -
0x69755000  0x00000800  +
0x69755800  0x00000800  -
0x69756000  0x00000800  +
0x69756800  0x00000800  -
0x69757000  0x00000800  +
0x69757800  0x00000800  -
0x69758000  0x00020800  +
0x69778800  0x00000800  -
0x69779000  0x00000800  +
0x69779800  0x00000800  -
0x6977A000  0x00000800  +
0x6977A800  0x00000800  -
0x6977B000  0x00000800  +
0x6977B800  0x00000800  -
0x6977C000  0x00000800  +
0x6977C800  0x00000800  -
0x6977D000  0x00000800  +
0x6977D800  0x00000800  -
0x6977E000  0x00000800  +
0x6977E800  0x00000800  -
0x6977F000  0x00000800  +
0x6977F800  0x00000800  -
0x69780000  0x00058800  +
0x697D8800  0x00000800  -
0x697D9000  0x00000800  +
0x697D9800  0x00000800  -
0x697DA000  0x00000800  +
0x697DA800  0x00000800  -
0x697DB000  0x00000800  +
0x697DB800  0x00000800  -
0x697DC000  0x00000800  +
0x697DC800  0x00000800  -
0x697DD000  0x00000800  +
0x697DD800  0x00000800  -
0x697DE000  0x00000800  +
0x697DE800  0x00000800  -
0x697DF000  0x00000800  +
0x697DF800  0x00000800  -
0x697E0000  0x00010800  +
0x697F0800  0x00000800  -
0x697F1000  0x00000800  +
0x697F1800  0x00000800  -
0x697F2000  0x00000800  +
0x697F2800  0x00000800  -
0x697F3000  0x00000800  +
0x697F3800  0x00000800  -
0x697F4000  0x00000800  +
0x697F4800  0x00000800  -
0x697F5000  0x00000800  +
0x697F5800  0x00000800  -
0x697F6000  0x00000800  +
0x697F6800  0x00000800  -
0x697F7000  0x00000800  +
0x697F7800  0x00000800  -
0x697F8000  0x00010800  +
0x69808800  0x00000800  -
0x69809000  0x00000800  +
0x69809800  0x00000800  -
0x6980A000  0x00000800  +
0x6980A800  0x00000800  -
0x6980B000  0x00000800  +
0x6980B800  0x00000800  -
0x6980C000  0x00000800  +
0x6980C800  0x00000800  -
0x6980D000  0x00000800  +
0x6980D800  0x00000800  -
0x6980E000  0x00000800  +
0x6980E800  0x00000800  -
0x6980F000  0x00000800  +
0x6980F800  0x00000800  -
0x69810000  0x00008800  +
0x69818800  0x00000800  -
0x69819000  0x00000800  +
0x69819800  0x00000800  -
0x6981A000  0x00000800  +
0x6981A800  0x00000800  -
0x6981B000  0x00000800  +
0x6981B800  0x00000800  -
0x6981C000  0x00000800  +
0x6981C800  0x00000800  -
0x6981D000  0x00000800  +
0x6981D800  0x00000800  -
0x6981E000  0x00000800  +
0x6981E800  0x00000800  -
0x6981F000  0x00029000  +
0x69848000  0x00000800  -
0x69848800  0x00000800  +
0x69849000  0x00000800  -
0x69849800  0x00000800  +
0x6984A000  0x00000800  -
0x6984A800  0x00000800  +
0x6984B000  0x00000800  -
0x6984B800  0x00000800  +
0x6984C000  0x00000800  -
0x6984C800  0x00000800  +
0x6984D000  0x00000800  -
0x6984D800  0x00000800  +
0x6984E000  0x00000800  -
0x6984E800  0x00000800  +
0x6984F000  0x00000800  -
0x6984F800  0x00010800  +
0x69860000  0x00000800  -
0x69860800  0x00000800  +
0x69861000  0x00000800  -
0x69861800  0x00000800  +
0x69862000  0x00000800  -
0x69862800  0x00000800  +
0x69863000  0x00000800  -
0x69863800  0x00000800  +
0x69864000  0x00000800  -
0x69864800  0x00000800  +
0x69865000  0x00000800  -
0x69865800  0x00000800  +
0x69866000  0x00000800  -
0x69866800  0x00000800  +
0x69867000  0x00000800  -
0x69867800  0x00010800  +
0x69878000  0x00000800  -
0x69878800  0x00000800  +
0x69879000  0x00000800  -
0x69879800  0x00000800  +
0x6987A000  0x00000800  -
0x6987A800  0x00000800  +
0x6987B000  0x00000800  -
0x6987B800  0x00000800  +
0x6987C000  0x00000800  -
0x6987C800  0x00000800  +
0x6987D000  0x00000800  -
0x6987D800  0x00000800  +
0x6987E000  0x00000800  -
0x6987E800  0x00000800  +
0x6987F000  0x00000800  -
0x6987F800  0x0002D800  +
0x698AD000  0x00000800  -
0x698AD800  0x00000800  +
0x698AE000  0x00000800  -
0x698AE800  0x00000800  +
0x698AF000  0x00000800  -
0x698AF800  0x00010800  +
0x698C0000  0x00000800  -
0x698C0800  0x00000800  +
0x698C1000  0x00000800  -
0x698C1800  0x00000800  +
0x698C2000  0x00000800  -
0x698C2800  0x00000800  +
0x698C3000  0x00000800  -
0x698C3800  0x00000800  +
0x698C4000  0x00000800  -
0x698C4800  0x00000800  +
0x698C5000  0x00000800  -
0x698C5800  0x00000800  +
0x698C6000  0x00000800  -
0x698C6800  0x00000800  +
0x698C7000  0x00000800  -
0x698C7800  0x00056000  +
0x6991D800  0x00000800  -
0x6991E000  0x00000800  +
0x6991E800  0x00000800  -
0x6991F000  0x00000800  +
0x6991F800  0x00000800  -
0x69920000  0x00010800  +
0x69930800  0x00000800  -
0x69931000  0x00000800  +
0x69931800  0x00000800  -
0x69932000  0x00000800  +
0x69932800  0x00000800  -
0x69933000  0x00000800  +
0x69933800  0x00000800  -
0x69934000  0x00000800  +
0x69934800  0x00000800  -
0x69935000  0x00000800  +
0x69935800  0x00000800  -
0x69936000  0x00000800  +
0x69936800  0x00000800  -
0x69937000  0x00000800  +
0x69937800  0x00000800  -
0x69938000  0x00010800  +
0x69948800  0x00000800  -
0x69949000  0x00000800  +
0x69949800  0x00000800  -
0x6994A000  0x00000800  +
0x6994A800  0x00000800  -
0x6994B000  0x00000800  +
0x6994B800  0x00000800  -
0x6994C000  0x00000800  +
0x6994C800  0x00000800  -
0x6994D000  0x00000800  +
0x6994D800  0x00000800  -
0x6994E000  0x00000800  +
0x6994E800  0x00000800  -
0x6994F000  0x00000800  +
0x6994F800  0x00000800  -
0x69950000  0x00010800  +
0x69960800  0x00000800  -
0x69961000  0x00000800  +
0x69961800  0x00000800  -
0x69962000  0x00000800  +
0x69962800  0x00000800  -
0x69963000  0x00000800  +
0x69963800  0x00000800  -
0x69964000  0x00000800  +
0x69964800  0x00000800  -
0x69965000  0x00000800  +
0x69965800  0x00000800  -
0x69966000  0x00000800  +
0x69966800  0x00000800  -
0x69967000  0x00000800  +
0x69967800  0x00000800  -
0x69968000  0x00026000  +
0x6998E000  0x00000800  -
0x6998E800  0x00000800  +
0x6998F000  0x00000800  -
0x6998F800  0x00028800  +
0x699B8000  0x00000800  -
0x699B8800  0x00000800  +
0x699B9000  0x00000800  -
0x699B9800  0x00000800  +
0x699BA000  0x00000800  -
0x699BA800  0x00000800  +
0x699BB000  0x00000800  -
0x699BB800  0x00000800  +
0x699BC000  0x00000800  -
0x699BC800  0x00000800  +
0x699BD000  0x00000800  -
0x699BD800  0x00000800  +
0x699BE000  0x00000800  -
0x699BE800  0x00000800  +
0x699BF000  0x00000800  -
0x699BF800  0x00010800  +
0x699D0000  0x00000800  -
0x699D0800  0x00000800  +
0x699D1000  0x00000800  -
0x699D1800  0x00000800  +
0x699D2000  0x00000800  -
0x699D2800  0x00000800  +
0x699D3000  0x00000800  -
0x699D3800  0x00000800  +
0x699D4000  0x00000800  -
0x699D4800  0x00000800  +
0x699D5000  0x00000800  -
0x699D5800  0x00000800  +
0x699D6000  0x00000800  -
0x699D6800  0x00000800  +
0x699D7000  0x00000800  -
0x699D7800  0x00010800  +
0x699E8000  0x00000800  -
0x699E8800  0x00000800  +
0x699E9000  0x00000800  -
0x699E9800  0x0003F000  +
0x69A28800  0x00000800  -
0x69A29000  0x00000800  +
0x69A29800  0x00000800  -
0x69A2A000  0x00000800  +
0x69A2A800  0x00000800  -
0x69A2B000  0x00000800  +
0x69A2B800  0x00000800  -
0x69A2C000  0x00000800  +
0x69A2C800  0x00000800  -
0x69A2D000  0x00000800  +
0x69A2D800  0x00000800  -
0x69A2E000  0x00000800  +
0x69A2E800  0x00000800  -
0x69A2F000  0x00000800  +
0x69A2F800  0x00000800  -
0x69A30000  0x00000800  +
0x69A30800  0x00000800  -
0x69A31000  0x00000800  +
0x69A31800  0x00000800  -
0x69A32000  0x00000800  +
0x69A32800  0x00000800  -
0x69A33000  0x00000800  +
0x69A33800  0x00000800  -
0x69A34000  0x00000800  +
0x69A34800  0x00000800  -
0x69A35000  0x00000800  +
0x69A35800  0x00000800  -
0x69A36000  0x00000800  +
0x69A36800  0x00000800  -
0x69A37000  0x00000800  +
0x69A37800  0x00000800  -
0x69A38000  0x00008800  +
0x69A40800  0x00000800  -
0x69A41000  0x00000800  +
0x69A41800  0x00000800  -
0x69A42000  0x00000800  +
0x69A42800  0x00000800  -
0x69A43000  0x00000800  +
0x69A43800  0x00000800  -
0x69A44000  0x00000800  +
0x69A44800  0x00000800  -
0x69A45000  0x00000800  +
0x69A45800  0x00000800  -
0x69A46000  0x00000800  +
0x69A46800  0x00000800  -
0x69A47000  0x00000800  +
0x69A47800  0x00000800  -
0x69A48000  0x00010800  +
0x69A58800  0x00000800  -
0x69A59000  0x00000800  +
0x69A59800  0x00000800  -
0x69A5A000  0x00000800  +
0x69A5A800  0x00000800  -
0x69A5B000  0x00000800  +
0x69A5B800  0x00000800  -
0x69A5C000  0x00000800  +
0x69A5C800  0x00000800  -
0x69A5D000  0x00000800  +
0x69A5D800  0x00000800  -
0x69A5E000  0x00000800  +
0x69A5E800  0x00000800  -
0x69A5F000  0x00000800  +
0x69A5F800  0x00000800  -
0x69A60000  0x00040000  +
0x69AA0000  0x00000800  -
0x69AA0800  0x00000800  +
0x69AA1000  0x00000800  -
0x69AA1800  0x00000800  +
0x69AA2000  0x00000800  -
0x69AA2800  0x00000800  +
0x69AA3000  0x00000800  -
0x69AA3800  0x00000800  +
0x69AA4000  0x00000800  -
0x69AA4800  0x00000800  +
0x69AA5000  0x00000800  -
0x69AA5800  0x00000800  +
0x69AA6000  0x00000800  -
0x69AA6800  0x00000800  +
0x69AA7000  0x00000800  -
0x69AA7800  0x00010800  +
0x69AB8000  0x00000800  -
0x69AB8800  0x00000800  +
0x69AB9000  0x00000800  -
0x69AB9800  0x00000800  +
0x69ABA000  0x00000800  -
0x69ABA800  0x00000800  +
0x69ABB000  0x00000800  -
0x69ABB800  0x00000800  +
0x69ABC000  0x00000800  -
0x69ABC800  0x00000800  +
0x69ABD000  0x00000800  -
0x69ABD800  0x00000800  +
0x69ABE000  0x00000800  -
0x69ABE800  0x00000800  +
0x69ABF000  0x00000800  -
0x69ABF800  0x00010800  +
0x69AD0000  0x00000800  -
0x69AD0800  0x00000800  +
0x69AD1000  0x00000800  -
0x69AD1800  0x00000800  +
0x69AD2000  0x00000800  -
0x69AD2800  0x00000800  +
0x69AD3000  0x00000800  -
0x69AD3800  0x00000800  +
0x69AD4000  0x00000800  -
0x69AD4800  0x00000800  +
0x69AD5000  0x00000800  -
0x69AD5800  0x00000800  +
0x69AD6000  0x00000800  -
0x69AD6800  0x00000800  +
0x69AD7000  0x00000800  -
0x69AD7800  0x00038800  +
0x69B10000  0x00000800  -
0x69B10800  0x00000800  +
0x69B11000  0x00000800  -
0x69B11800  0x00000800  +
0x69B12000  0x00000800  -
0x69B12800  0x00000800  +
0x69B13000  0x00000800  -
0x69B13800  0x00000800  +
0x69B14000  0x00000800  -
0x69B14800  0x00000800  +
0x69B15000  0x00000800  -
0x69B15800  0x00000800  +
0x69B16000  0x00000800  -
0x69B16800  0x00000800  +
0x69B17000  0x00000800  -
0x69B17800  0x00000800  +
0x69B18000  0x00000800  -
0x69B18800  0x0000F800  +
0x69B28000  0x00000800  -
0x69B28800  0x00000800  +
0x69B29000  0x00000800  -
0x69B29800  0x00000800  +
0x69B2A000  0x00000800  -
0x69B2A800  0x00000800  +
0x69B2B000  0x00000800  -
0x69B2B800  0x00000800  +
0x69B2C000  0x00000800  -
0x69B2C800  0x00000800  +
0x69B2D000  0x00000800  -
0x69B2D800  0x00000800  +
0x69B2E000  0x00000800  -
0x69B2E800  0x00000800  +
0x69B2F000  0x00000800  -
0x69B2F800  0x00010800  +
0x69B40000  0x00000800  -
0x69B40800  0x00000800  +
0x69B41000  0x00000800  -
0x69B41800  0x00000800  +
0x69B42000  0x00000800  -
0x69B42800  0x00000800  +
0x69B43000  0x00000800  -
0x69B43800  0x00000800  +
0x69B44000  0x00000800  -
0x69B44800  0x00000800  +
0x69B45000  0x00000800  -
0x69B45800  0x00000800  +
0x69B46000  0x00000800  -
0x69B46800  0x00000800  +
0x69B47000  0x00000800  -
0x69B47800  0x0002E800  +
0x69B76000  0x00000800  -
0x69B76800  0x00000800  +
0x69B77000  0x00000800  -
0x69B77800  0x00008800  +
0x69B80000  0x00000800  -
0x69B80800  0x00000800  +
0x69B81000  0x00000800  -
0x69B81800  0x00000800  +
0x69B82000  0x00000800  -
0x69B82800  0x00000800  +
0x69B83000  0x00000800  -
0x69B83800  0x00000800  +
0x69B84000  0x00000800  -
0x69B84800  0x00000800  +
0x69B85000  0x00000800  -
0x69B85800  0x00000800  +
0x69B86000  0x00000800  -
0x69B86800  0x00001800  +
0x69B88000  0x00000800  -
0x69B88800  0x00000800  +
0x69B89000  0x00000800  -
0x69B89800  0x00000800  +
0x69B8A000  0x00000800  -
0x69B8A800  0x00000800  +
0x69B8B000  0x00000800  -
0x69B8B800  0x00000800  +
0x69B8C000  0x00000800  -
0x69B8C800  0x00000800  +
0x69B8D000  0x00000800  -
0x69B8D800  0x00000800  +
0x69B8E000  0x00000800  -
0x69B8E800  0x00000800  +
0x69B8F000  0x00000800  -
0x69B8F800  0x00008800  +
0x69B98000  0x00000800  -
0x69B98800  0x00000800  +
0x69B99000  0x00000800  -
0x69B99800  0x00000800  +
0x69B9A000  0x00000800  -
0x69B9A800  0x00000800  +
0x69B9B000  0x00000800  -
0x69B9B800  0x00000800  +
0x69B9C000  0x00000800  -
0x69B9C800  0x00000800  +
0x69B9D000  0x00000800  -
0x69B9D800  0x00000800  +
0x69B9E000  0x00000800  -
0x69B9E800  0x00000800  +
0x69B9F000  0x00000800  -
0x69B9F800  0x00010800  +
0x69BB0000  0x00000800  -
0x69BB0800  0x00000800  +
0x69BB1000  0x00000800  -
0x69BB1800  0x00000800  +
0x69BB2000  0x00000800  -
0x69BB2800  0x00000800  +
0x69BB3000  0x00000800  -
0x69BB3800  0x00000800  +
0x69BB4000  0x00000800  -
0x69BB4800  0x00000800  +
0x69BB5000  0x00000800  -
0x69BB5800  0x00000800  +
0x69BB6000  0x00000800  -
0x69BB6800  0x00000800  +
0x69BB7000  0x00000800  -
0x69BB7800  0x00000800  +
0x69BB8000  0x00000800  -
0x69BB8800  0x00000800  +
0x69BB9000  0x00000800  -
0x69BB9800  0x00000800  +
0x69BBA000  0x00000800  -
0x69BBA800  0x00000800  +
0x69BBB000  0x00000800  -
0x69BBB800  0x00000800  +
0x69BBC000  0x00000800  -
0x69BBC800  0x00000800  +
0x69BBD000  0x00000800  -
0x69BBD800  0x00000800  +
0x69BBE000  0x00000800  -
0x69BBE800  0x00000800  +
0x69BBF000  0x00000800  -
0x69BBF800  0x00026000  +
0x69BE5800  0x00000800  -
0x69BE6000  0x00000800  +
0x69BE6800  0x00000800  -
0x69BE7000  0x00000800  +
0x69BE7800  0x00000800  -
0x69BE8000  0x00010800  +
0x69BF8800  0x00000800  -
0x69BF9000  0x00000800  +
0x69BF9800  0x00000800  -
0x69BFA000  0x00000800  +
0x69BFA800  0x00000800  -
0x69BFB000  0x00000800  +
0x69BFB800  0x00000800  -
0x69BFC000  0x00000800  +
0x69BFC800  0x00000800  -
0x69BFD000  0x00000800  +
0x69BFD800  0x00000800  -
0x69BFE000  0x00000800  +
0x69BFE800  0x00000800  -
0x69BFF000  0x00000800  +
0x69BFF800  0x00000800  -
0x69C00000  0x00010800  +
0x69C10800  0x00000800  -
0x69C11000  0x00000800  +
0x69C11800  0x00000800  -
0x69C12000  0x00000800  +
0x69C12800  0x00000800  -
0x69C13000  0x00000800  +
0x69C13800  0x00000800  -
0x69C14000  0x00000800  +
0x69C14800  0x00000800  -
0x69C15000  0x00000800  +
0x69C15800  0x00000800  -
0x69C16000  0x00000800  +
0x69C16800  0x00000800  -
0x69C17000  0x00000800  +
0x69C17800  0x00000800  -
0x69C18000  0x00010800  +
0x69C28800  0x00000800  -
0x69C29000  0x00000800  +
0x69C29800  0x00000800  -
0x69C2A000  0x00000800  +
0x69C2A800  0x00000800  -
0x69C2B000  0x00000800  +
0x69C2B800  0x00000800  -
0x69C2C000  0x00000800  +
0x69C2C800  0x00000800  -
0x69C2D000  0x00000800  +
0x69C2D800  0x00000800  -
0x69C2E000  0x00000800  +
0x69C2E800  0x00000800  -
0x69C2F000  0x00000800  +
0x69C2F800  0x00000800  -
0x69C30000  0x00022000  +
0x69C52000  0x00000800  -
0x69C52800  0x00000800  +
0x69C53000  0x00000800  -
0x69C53800  0x00000800  +
0x69C54000  0x00000800  -
0x69C54800  0x00000800  +
0x69C55000  0x00000800  -
0x69C55800  0x00000800  +
0x69C56000  0x00000800  -
0x69C56800  0x00000800  +
0x69C57000  0x00000800  -
0x69C57800  0x00000800  +
0x69C58000  0x00000800  -
0x69C58800  0x00000800  +
0x69C59000  0x00000800  -
0x69C59800  0x00000800  +
0x69C5A000  0x00000800  -
0x69C5A800  0x0000D800  +
0x69C68000  0x00000800  -
0x69C68800  0x00000800  +
0x69C69000  0x00000800  -
0x69C69800  0x00000800  +
0x69C6A000  0x00000800  -
0x69C6A800  0x00000800  +
0x69C6B000  0x00000800  -
0x69C6B800  0x00000800  +
0x69C6C000  0x00000800  -
0x69C6C800  0x00000800  +
0x69C6D000  0x00000800  -
0x69C6D800  0x00000800  +
0x69C6E000  0x00000800  -
0x69C6E800  0x00000800  +
0x69C6F000  0x00000800  -
0x69C6F800  0x00010800  +
0x69C80000  0x00000800  -
0x69C80800  0x00000800  +
0x69C81000  0x00000800  -
0x69C81800  0x00000800  +
0x69C82000  0x00000800  -
0x69C82800  0x00000800  +
0x69C83000  0x00000800  -
0x69C83800  0x00000800  +
0x69C84000  0x00000800  -
0x69C84800  0x00000800  +
0x69C85000  0x00000800  -
0x69C85800  0x00000800  +
0x69C86000  0x00000800  -
0x69C86800  0x00000800  +
0x69C87000  0x00000800  -
0x69C87800  0x00010800  +
0x69C98000  0x00000800  -
0x69C98800  0x00000800  +
0x69C99000  0x00000800  -
0x69C99800  0x00000800  +
0x69C9A000  0x00000800  -
0x69C9A800  0x00000800  +
0x69C9B000  0x00000800  -
0x69C9B800  0x00000800  +
0x69C9C000  0x00000800  -
0x69C9C800  0x00000800  +
0x69C9D000  0x00000800  -
0x69C9D800  0x00000800  +
0x69C9E000  0x00000800  -
0x69C9E800  0x00000800  +
0x69C9F000  0x00000800  -
0x69C9F800  0x00010800  +
0x69CB0000  0x00000800  -
0x69CB0800  0x00000800  +
0x69CB1000  0x00000800  -
0x69CB1800  0x00000800  +
0x69CB2000  0x00000800  -
0x69CB2800  0x00000800  +
0x69CB3000  0x00000800  -
0x69CB3800  0x00000800  +
0x69CB4000  0x00000800  -
0x69CB4800  0x00000800  +
0x69CB5000  0x00000800  -
0x69CB5800  0x00000800  +
0x69CB6000  0x00000800  -
0x69CB6800  0x00000800  +
0x69CB7000  0x00000800  -
0x69CB7800  0x00010800  +
0x69CC8000  0x00000800  -
0x69CC8800  0x00000800  +
0x69CC9000  0x00000800  -
0x69CC9800  0x00056800  +
0x69D20000  0x00000800  -
0x69D20800  0x00000800  +
0x69D21000  0x00000800  -
0x69D21800  0x00000800  +
0x69D22000  0x00000800  -
0x69D22800  0x00000800  +
0x69D23000  0x00000800  -
0x69D23800  0x00000800  +
0x69D24000  0x00000800  -
0x69D24800  0x00000800  +
0x69D25000  0x00000800  -
0x69D25800  0x00000800  +
0x69D26000  0x00000800  -
0x69D26800  0x00000800  +
0x69D27000  0x00000800  -
0x69D27800  0x00010800  +
0x69D38000  0x00000800  -
0x69D38800  0x00000800  +
0x69D39000  0x00000800  -
0x69D39800  0x00000800  +
0x69D3A000  0x00000800  -
0x69D3A800  0x00000800  +
0x69D3B000  0x00000800  -
0x69D3B800  0x00000800  +
0x69D3C000  0x00000800  -
0x69D3C800  0x00000800  +
0x69D3D000  0x00000800  -
0x69D3D800  0x00000800  +
0x69D3E000  0x00000800  -
0x69D3E800  0x00000800  +
0x69D3F000  0x00000800  -
0x69D3F800  0x00010800  +
0x69D50000  0x00000800  -
0x69D50800  0x00000800  +
0x69D51000  0x00000800  -
0x69D51800  0x00000800  +
0x69D52000  0x00000800  -
0x69D52800  0x00000800  +
0x69D53000  0x00000800  -
0x69D53800  0x00000800  +
0x69D54000  0x00000800  -
0x69D54800  0x00000800  +
0x69D55000  0x00000800  -
0x69D55800  0x00000800  +
0x69D56000  0x00000800  -
0x69D56800  0x00000800  +
0x69D57000  0x00000800  -
0x69D57800  0x00010800  +
0x69D68000  0x00000800  -
0x69D68800  0x00000800  +
0x69D69000  0x00000800  -
0x69D69800  0x00000800  +
0x69D6A000  0x00000800  -
0x69D6A800  0x00000800  +
0x69D6B000  0x00000800  -
0x69D6B800  0x00000800  +
0x69D6C000  0x00000800  -
0x69D6C800  0x00000800  +
0x69D6D000  0x00000800  -
0x69D6D800  0x00000800  +
0x69D6E000  0x00000800  -
0x69D6E800  0x00000800  +
0x69D6F000  0x00000800  -
0x69D6F800  0x00010800  +
0x69D80000  0x00000800  -
0x69D80800  0x00000800  +
0x69D81000  0x00000800  -
0x69D81800  0x00000800  +
0x69D82000  0x00000800  -
0x69D82800  0x00000800  +
0x69D83000  0x00000800  -
0x69D83800  0x00000800  +
0x69D84000  0x00000800  -
0x69D84800  0x00000800  +
0x69D85000  0x00000800  -
0x69D85800  0x00000800  +
0x69D86000  0x00000800  -
0x69D86800  0x00000800  +
0x69D87000  0x00000800  -
0x69D87800  0x00069000  +
0x69DF0800  0x00000800  -
0x69DF1000  0x00000800  +
0x69DF1800  0x00000800  -
0x69DF2000  0x00000800  +
0x69DF2800  0x00000800  -
0x69DF3000  0x00000800  +
0x69DF3800  0x00000800  -
0x69DF4000  0x00000800  +
0x69DF4800  0x00000800  -
0x69DF5000  0x00000800  +
0x69DF5800  0x00000800  -
0x69DF6000  0x00000800  +
0x69DF6800  0x00000800  -
0x69DF7000  0x00000800  +
0x69DF7800  0x00000800  -
0x69DF8000  0x00010800  +
0x69E08800  0x00000800  -
0x69E09000  0x00000800  +
0x69E09800  0x00000800  -
0x69E0A000  0x00000800  +
0x69E0A800  0x00000800  -
0x69E0B000  0x00000800  +
0x69E0B800  0x00000800  -
0x69E0C000  0x00000800  +
0x69E0C800  0x00000800  -
0x69E0D000  0x00000800  +
0x69E0D800  0x00000800  -
0x69E0E000  0x00000800  +
0x69E0E800  0x00000800  -
0x69E0F000  0x00000800  +
0x69E0F800  0x00000800  -
0x69E10000  0x00010800  +
0x69E20800  0x00000800  -
0x69E21000  0x00000800  +
0x69E21800  0x00000800  -
0x69E22000  0x00000800  +
0x69E22800  0x00000800  -
0x69E23000  0x00000800  +
0x69E23800  0x00000800  -
0x69E24000  0x00000800  +
0x69E24800  0x00000800  -
0x69E25000  0x00000800  +
0x69E25800  0x00000800  -
0x69E26000  0x00000800  +
0x69E26800  0x00000800  -
0x69E27000  0x00000800  +
0x69E27800  0x00000800  -
0x69E28000  0x00050800  +
0x69E78800  0x00000800  -
0x69E79000  0x00000800  +
0x69E79800  0x00000800  -
0x69E7A000  0x00000800  +
0x69E7A800  0x00000800  -
0x69E7B000  0x00000800  +
0x69E7B800  0x00000800  -
0x69E7C000  0x00000800  +
0x69E7C800  0x00000800  -
0x69E7D000  0x00000800  +
0x69E7D800  0x00000800  -
0x69E7E000  0x00000800  +
0x69E7E800  0x00000800  -
0x69E7F000  0x00000800  +
0x69E7F800  0x00000800  -
0x69E80000  0x00010800  +
0x69E90800  0x00000800  -
0x69E91000  0x00000800  +
0x69E91800  0x00000800  -
0x69E92000  0x00000800  +
0x69E92800  0x00000800  -
0x69E93000  0x00000800  +
0x69E93800  0x00000800  -
0x69E94000  0x00000800  +
0x69E94800  0x00000800  -
0x69E95000  0x00000800  +
0x69E95800  0x00000800  -
0x69E96000  0x00000800  +
0x69E96800  0x00000800  -
0x69E97000  0x00000800  +
0x69E97800  0x00000800  -
0x69E98000  0x00010800  +
0x69EA8800  0x00000800  -
0x69EA9000  0x00000800  +
0x69EA9800  0x00000800  -
0x69EAA000  0x00000800  +
0x69EAA800  0x00000800  -
0x69EAB000  0x00000800  +
0x69EAB800  0x00000800  -
0x69EAC000  0x00000800  +
0x69EAC800  0x00000800  -
0x69EAD000  0x00000800  +
0x69EAD800  0x00000800  -
0x69EAE000  0x00000800  +
0x69EAE800  0x00000800  -
0x69EAF000  0x00000800  +
0x69EAF800  0x00000800  -
0x69EB0000  0x00028800  +
0x69ED8800  0x00000800  -
0x69ED9000  0x00000800  +
0x69ED9800  0x00000800  -
0x69EDA000  0x00000800  +
0x69EDA800  0x00000800  -
0x69EDB000  0x00000800  +
0x69EDB800  0x00000800  -
0x69EDC000  0x00000800  +
0x69EDC800  0x00000800  -
0x69EDD000  0x00000800  +
0x69EDD800  0x00000800  -
0x69EDE000  0x00000800  +
0x69EDE800  0x00000800  -
0x69EDF000  0x00000800  +
0x69EDF800  0x00000800  -
0x69EE0000  0x00010800  +
0x69EF0800  0x00000800  -
0x69EF1000  0x00000800  +
0x69EF1800  0x00000800  -
0x69EF2000  0x00000800  +
0x69EF2800  0x00000800  -
0x69EF3000  0x00000800  +
0x69EF3800  0x00000800  -
0x69EF4000  0x00000800  +
0x69EF4800  0x00000800  -
0x69EF5000  0x00000800  +
0x69EF5800  0x00000800  -
0x69EF6000  0x00000800  +
0x69EF6800  0x00000800  -
0x69EF7000  0x00000800  +
0x69EF7800  0x00000800  -
0x69EF8000  0x00008800  +
0x69F00800  0x00000800  -
0x69F01000  0x00000800  +
0x69F01800  0x00000800  -
0x69F02000  0x00000800  +
0x69F02800  0x00000800  -
0x69F03000  0x00000800  +
0x69F03800  0x00000800  -
0x69F04000  0x00000800  +
0x69F04800  0x00000800  -
0x69F05000  0x00000800  +
0x69F05800  0x00000800  -
0x69F06000  0x00000800  +
0x69F06800  0x00000800  -
0x69F07000  0x00000800  +
0x69F07800  0x00000800  -
0x69F08000  0x00010800  +
0x69F18800  0x00000800  -
0x69F19000  0x00000800  +
0x69F19800  0x00000800  -
0x69F1A000  0x00000800  +
0x69F1A800  0x00000800  -
0x69F1B000  0x00000800  +
0x69F1B800  0x00000800  -
0x69F1C000  0x00000800  +
0x69F1C800  0x00000800  -
0x69F1D000  0x00000800  +
0x69F1D800  0x00000800  -
0x69F1E000  0x00000800  +
0x69F1E800  0x00000800  -
0x69F1F000  0x00011000  +
0x69F30000  0x00000800  -
0x69F30800  0x00000800  +
0x69F31000  0x00000800  -
0x69F31800  0x00000800  +
0x69F32000  0x00000800  -
0x69F32800  0x00000800  +
0x69F33000  0x00000800  -
0x69F33800  0x00000800  +
0x69F34000  0x00000800  -
0x69F34800  0x00000800  +
0x69F35000  0x00000800  -
0x69F35800  0x00000800  +
0x69F36000  0x00000800  -
0x69F36800  0x00000800  +
0x69F37000  0x00000800  -
0x69F37800  0x00010800  +
0x69F48000  0x00000800  -
0x69F48800  0x00000800  +
0x69F49000  0x00000800  -
0x69F49800  0x00000800  +
0x69F4A000  0x00000800  -
0x69F4A800  0x00000800  +
0x69F4B000  0x00000800  -
0x69F4B800  0x00000800  +
0x69F4C000  0x00000800  -
0x69F4C800  0x00000800  +
0x69F4D000  0x00000800  -
0x69F4D800  0x00000800  +
0x69F4E000  0x00000800  -
0x69F4E800  0x00000800  +
0x69F4F000  0x00000800  -
0x69F4F800  0x00010800  +
0x69F60000  0x00000800  -
0x69F60800  0x00000800  +
0x69F61000  0x00000800  -
0x69F61800  0x00000800  +
0x69F62000  0x00000800  -
0x69F62800  0x00000800  +
0x69F63000  0x00000800  -
0x69F63800  0x00000800  +
0x69F64000  0x00000800  -
0x69F64800  0x00000800  +
0x69F65000  0x00000800  -
0x69F65800  0x00000800  +
0x69F66000  0x00000800  -
0x69F66800  0x00000800  +
0x69F67000  0x00000800  -
0x69F67800  0x00011800  +
0x69F79000  0x00000800  -
0x69F79800  0x00000800  +
0x69F7A000  0x00000800  -
0x69F7A800  0x00000800  +
0x69F7B000  0x00000800  -
0x69F7B800  0x00000800  +
0x69F7C000  0x00000800  -
0x69F7C800  0x00000800  +
0x69F7D000  0x00000800  -
0x69F7D800  0x00000800  +
0x69F7E000  0x00000800  -
0x69F7E800  0x00000800  +
0x69F7F000  0x00000800  -
0x69F7F800  0x00010800  +
0x69F90000  0x00000800  -
0x69F90800  0x00000800  +
0x69F91000  0x00000800  -
0x69F91800  0x00000800  +
0x69F92000  0x00000800  -
0x69F92800  0x00000800  +
0x69F93000  0x00000800  -
0x69F93800  0x00000800  +
0x69F94000  0x00000800  -
0x69F94800  0x00000800  +
0x69F95000  0x00000800  -
0x69F95800  0x00000800  +
0x69F96000  0x00000800  -
0x69F96800  0x00000800  +
0x69F97000  0x00000800  -
0x69F97800  0x00010800  +
0x69FA8000  0x00000800  -
0x69FA8800  0x00000800  +
0x69FA9000  0x00000800  -
0x69FA9800  0x00000800  +
0x69FAA000  0x00000800  -
0x69FAA800  0x00000800  +
0x69FAB000  0x00000800  -
0x69FAB800  0x00000800  +
0x69FAC000  0x00000800  -
0x69FAC800  0x00000800  +
0x69FAD000  0x00000800  -
0x69FAD800  0x00000800  +
0x69FAE000  0x00000800  -
0x69FAE800  0x00000800  +
0x69FAF000  0x00000800  -
0x69FAF800  0x00008800  +
0x69FB8000  0x00000800  -
0x69FB8800  0x00000800  +
0x69FB9000  0x00000800  -
0x69FB9800  0x00000800  +
0x69FBA000  0x00000800  -
0x69FBA800  0x00000800  +
0x69FBB000  0x00000800  -
0x69FBB800  0x00000800  +
0x69FBC000  0x00000800  -
0x69FBC800  0x00000800  +
0x69FBD000  0x00000800  -
0x69FBD800  0x00000800  +
0x69FBE000  0x00000800  -
0x69FBE800  0x00000800  +
0x69FBF000  0x00000800  -
0x69FBF800  0x00012800  +
0x69FD2000  0x00000800  -
0x69FD2800  0x00000800  +
0x69FD3000  0x00000800  -
0x69FD3800  0x00000800  +
0x69FD4000  0x00000800  -
0x69FD4800  0x00000800  +
0x69FD5000  0x00000800  -
0x69FD5800  0x00000800  +
0x69FD6000  0x00000800  -
0x69FD6800  0x00000800  +
0x69FD7000  0x00000800  -
0x69FD7800  0x00010800  +
0x69FE8000  0x00000800  -
0x69FE8800  0x00000800  +
0x69FE9000  0x00000800  -
0x69FE9800  0x00000800  +
0x69FEA000  0x00000800  -
0x69FEA800  0x00000800  +
0x69FEB000  0x00000800  -
0x69FEB800  0x00000800  +
0x69FEC000  0x00000800  -
0x69FEC800  0x00000800  +
0x69FED000  0x00000800  -
0x69FED800  0x00000800  +
0x69FEE000  0x00000800  -
0x69FEE800  0x00000800  +
0x69FEF000  0x00000800  -
0x69FEF800  0x00010800  +
0x6A000000  0x00000800  -
0x6A000800  0x00000800  +
0x6A001000  0x00000800  -
0x6A001800  0x00000800  +
0x6A002000  0x00000800  -
0x6A002800  0x00000800  +
0x6A003000  0x00000800  -
0x6A003800  0x00000800  +
0x6A004000  0x00000800  -
0x6A004800  0x00000800  +
0x6A005000  0x00000800  -
0x6A005800  0x00000800  +
0x6A006000  0x00000800  -
0x6A006800  0x00000800  +
0x6A007000  0x00000800  -
0x6A007800  0x00010800  +
0x6A018000  0x00000800  -
0x6A018800  0x00000800  +
0x6A019000  0x00000800  -
0x6A019800  0x00000800  +
0x6A01A000  0x00000800  -
0x6A01A800  0x00000800  +
0x6A01B000  0x00000800  -
0x6A01B800  0x00000800  +
0x6A01C000  0x00000800  -
0x6A01C800  0x00014000  +
0x6A030800  0x00000800  -
0x6A031000  0x00000800  +
0x6A031800  0x00000800  -
0x6A032000  0x00000800  +
0x6A032800  0x00000800  -
0x6A033000  0x00000800  +
0x6A033800  0x00000800  -
0x6A034000  0x00000800  +
0x6A034800  0x00000800  -
0x6A035000  0x00000800  +
0x6A035800  0x00000800  -
0x6A036000  0x00000800  +
0x6A036800  0x00000800  -
0x6A037000  0x00000800  +
0x6A037800  0x00000800  -
0x6A038000  0x00010800  +
0x6A048800  0x00000800  -
0x6A049000  0x00000800  +
0x6A049800  0x00000800  -
0x6A04A000  0x00000800  +
0x6A04A800  0x00000800  -
0x6A04B000  0x00000800  +
0x6A04B800  0x00000800  -
0x6A04C000  0x00000800  +
0x6A04C800  0x00000800  -
0x6A04D000  0x00000800  +
0x6A04D800  0x00000800  -
0x6A04E000  0x00000800  +
0x6A04E800  0x00000800  -
0x6A04F000  0x00000800  +
0x6A04F800  0x00000800  -
0x6A050000  0x00010800  +
0x6A060800  0x00000800  -
0x6A061000  0x00000800  +
0x6A061800  0x00000800  -
0x6A062000  0x00000800  +
0x6A062800  0x00000800  -
0x6A063000  0x00000800  +
0x6A063800  0x00000800  -
0x6A064000  0x00000800  +
0x6A064800  0x00000800  -
0x6A065000  0x00000800  +
0x6A065800  0x00000800  -
0x6A066000  0x00000800  +
0x6A066800  0x00000800  -
0x6A067000  0x00000800  +
0x6A067800  0x00000800  -
0x6A068000  0x00008800  +
0x6A070800  0x00000800  -
0x6A071000  0x00000800  +
0x6A071800  0x00000800  -
0x6A072000  0x00000800  +
0x6A072800  0x00000800  -
0x6A073000  0x00015800  +
0x6A088800  0x00000800  -
0x6A089000  0x00000800  +
0x6A089800  0x00000800  -
0x6A08A000  0x00000800  +
0x6A08A800  0x00000800  -
0x6A08B000  0x00000800  +
0x6A08B800  0x00000800  -
0x6A08C000  0x00000800  +
0x6A08C800  0x00000800  -
0x6A08D000  0x00000800  +
0x6A08D800  0x00000800  -
0x6A08E000  0x00000800  +
0x6A08E800  0x00000800  -
0x6A08F000  0x00000800  +
0x6A08F800  0x00000800  -
0x6A090000  0x00010800  +
0x6A0A0800  0x00000800  -
0x6A0A1000  0x00000800  +
0x6A0A1800  0x00000800  -
0x6A0A2000  0x00000800  +
0x6A0A2800  0x00000800  -
0x6A0A3000  0x00000800  +
0x6A0A3800  0x00000800  -
0x6A0A4000  0x00000800  +
0x6A0A4800  0x00000800  -
0x6A0A5000  0x00000800  +
0x6A0A5800  0x00000800  -
0x6A0A6000  0x00000800  +
0x6A0A6800  0x00000800  -
0x6A0A7000  0x00000800  +
0x6A0A7800  0x00000800  -
0x6A0A8000  0x00010800  +
0x6A0B8800  0x00000800  -
0x6A0B9000  0x00000800  +
0x6A0B9800  0x00000800  -
0x6A0BA000  0x00000800  +
0x6A0BA800  0x00000800  -
0x6A0BB000  0x00000800  +
0x6A0BB800  0x00000800  -
0x6A0BC000  0x00000800  +
0x6A0BC800  0x00000800  -
0x6A0BD000  0x00000800  +
0x6A0BD800  0x00000800  -
0x6A0BE000  0x00000800  +
0x6A0BE800  0x00000800  -
0x6A0BF000  0x00000800  +
0x6A0BF800  0x00000800  -
0x6A0C0000  0x00028800  +
0x6A0E8800  0x00000800  -
0x6A0E9000  0x00000800  +
0x6A0E9800  0x00000800  -
0x6A0EA000  0x00000800  +
0x6A0EA800  0x00000800  -
0x6A0EB000  0x00000800  +
0x6A0EB800  0x00000800  -
0x6A0EC000  0x00000800  +
0x6A0EC800  0x00000800  -
0x6A0ED000  0x00000800  +
0x6A0ED800  0x00000800  -
0x6A0EE000  0x00000800  +
0x6A0EE800  0x00000800  -
0x6A0EF000  0x00000800  +
0x6A0EF800  0x00000800  -
0x6A0F0000  0x00010800  +
0x6A100800  0x00000800  -
0x6A101000  0x00000800  +
0x6A101800  0x00000800  -
0x6A102000  0x00000800  +
0x6A102800  0x00000800  -
0x6A103000  0x00000800  +
0x6A103800  0x00000800  -
0x6A104000  0x00000800  +
0x6A104800  0x00000800  -
0x6A105000  0x00000800  +
0x6A105800  0x00000800  -
0x6A106000  0x00000800  +
0x6A106800  0x00000800  -
0x6A107000  0x00000800  +
0x6A107800  0x00000800  -
0x6A108000  0x00010800  +
0x6A118800  0x00000800  -
0x6A119000  0x00000800  +
0x6A119800  0x00000800  -
0x6A11A000  0x00000800  +
0x6A11A800  0x00000800  -
0x6A11B000  0x00000800  +
0x6A11B800  0x00000800  -
0x6A11C000  0x00000800  +
0x6A11C800  0x00000800  -
0x6A11D000  0x00000800  +
0x6A11D800  0x00000800  -
0x6A11E000  0x00000800  +
0x6A11E800  0x00000800  -
0x6A11F000  0x00000800  +
0x6A11F800  0x00000800  -
0x6A120000  0x00008800  +
0x6A128800  0x00000800  -
0x6A129000  0x00000800  +
0x6A129800  0x00000800  -
0x6A12A000  0x00000800  +
0x6A12A800  0x00000800  -
0x6A12B000  0x00000800  +
0x6A12B800  0x00000800  -
0x6A12C000  0x00000800  +
0x6A12C800  0x00000800  -
0x6A12D000  0x00000800  +
0x6A12D800  0x00000800  -
0x6A12E000  0x00000800  +
0x6A12E800  0x00000800  -
0x6A12F000  0x00000800  +
0x6A12F800  0x00000800  -
0x6A130000  0x00010800  +
0x6A140800  0x00000800  -
0x6A141000  0x00000800  +
0x6A141800  0x00000800  -
0x6A142000  0x00000800  +
0x6A142800  0x00000800  -
0x6A143000  0x00000800  +
0x6A143800  0x00000800  -
0x6A144000  0x00000800  +
0x6A144800  0x00000800  -
0x6A145000  0x00000800  +
0x6A145800  0x00000800  -
0x6A146000  0x00000800  +
0x6A146800  0x00000800  -
0x6A147000  0x00000800  +
0x6A147800  0x00000800  -
0x6A148000  0x0005C000  +
0x6A1A4000  0x00000800  -
0x6A1A4800  0x00000800  +
0x6A1A5000  0x00000800  -
0x6A1A5800  0x00000800  +
0x6A1A6000  0x00000800  -
0x6A1A6800  0x00000800  +
0x6A1A7000  0x00000800  -
0x6A1A7800  0x00010800  +
0x6A1B8000  0x00000800  -
0x6A1B8800  0x00000800  +
0x6A1B9000  0x00000800  -
0x6A1B9800  0x00000800  +
0x6A1BA000  0x00000800  -
0x6A1BA800  0x00000800  +
0x6A1BB000  0x00000800  -
0x6A1BB800  0x00000800  +
0x6A1BC000  0x00000800  -
0x6A1BC800  0x00000800  +
0x6A1BD000  0x00000800  -
0x6A1BD800  0x00000800  +
0x6A1BE000  0x00000800  -
0x6A1BE800  0x00000800  +
0x6A1BF000  0x00000800  -
0x6A1BF800  0x00010800  +
0x6A1D0000  0x00000800  -
0x6A1D0800  0x00000800  +
0x6A1D1000  0x00000800  -
0x6A1D1800  0x00000800  +
0x6A1D2000  0x00000800  -
0x6A1D2800  0x00000800  +
0x6A1D3000  0x00000800  -
0x6A1D3800  0x00000800  +
0x6A1D4000  0x00000800  -
0x6A1D4800  0x00000800  +
0x6A1D5000  0x00000800  -
0x6A1D5800  0x00000800  +
0x6A1D6000  0x00000800  -
0x6A1D6800  0x00000800  +
0x6A1D7000  0x00000800  -
0x6A1D7800  0x00008800  +
0x6A1E0000  0x00000800  -
0x6A1E0800  0x00000800  +
0x6A1E1000  0x00000800  -
0x6A1E1800  0x00016800  +
0x6A1F8000  0x00000800  -
0x6A1F8800  0x00000800  +
0x6A1F9000  0x00000800  -
0x6A1F9800  0x00000800  +
0x6A1FA000  0x00000800  -
0x6A1FA800  0x00000800  +
0x6A1FB000  0x00000800  -
0x6A1FB800  0x00000800  +
0x6A1FC000  0x00000800  -
0x6A1FC800  0x00000800  +
0x6A1FD000  0x00000800  -
0x6A1FD800  0x00000800  +
0x6A1FE000  0x00000800  -
0x6A1FE800  0x00000800  +
0x6A1FF000  0x00000800  -
0x6A1FF800  0x00010800  +
0x6A210000  0x00000800  -
0x6A210800  0x00000800  +
0x6A211000  0x00000800  -
0x6A211800  0x00000800  +
0x6A212000  0x00000800  -
0x6A212800  0x00000800  +
0x6A213000  0x00000800  -
0x6A213800  0x00000800  +
0x6A214000  0x00000800  -
0x6A214800  0x00000800  +
0x6A215000  0x00000800  -
0x6A215800  0x00000800  +
0x6A216000  0x00000800  -
0x6A216800  0x00000800  +
0x6A217000  0x00000800  -
0x6A217800  0x00010800  +
0x6A228000  0x00000800  -
0x6A228800  0x00000800  +
0x6A229000  0x00000800  -
0x6A229800  0x00000800  +
0x6A22A000  0x00000800  -
0x6A22A800  0x00000800  +
0x6A22B000  0x00000800  -
0x6A22B800  0x00000800  +
0x6A22C000  0x00000800  -
0x6A22C800  0x00000800  +
0x6A22D000  0x00000800  -
0x6A22D800  0x00000800  +
0x6A22E000  0x00000800  -
0x6A22E800  0x00000800  +
0x6A22F000  0x00000800  -
0x6A22F800  0x00010800  +
0x6A240000  0x00000800  -
0x6A240800  0x00000800  +
0x6A241000  0x00000800  -
0x6A241800  0x00000800  +
0x6A242000  0x00000800  -
0x6A242800  0x00000800  +
0x6A243000  0x00000800  -
0x6A243800  0x0006D000  +
0x6A2B0800  0x00000800  -
0x6A2B1000  0x00000800  +
0x6A2B1800  0x00000800  -
0x6A2B2000  0x00000800  +
0x6A2B2800  0x00000800  -
0x6A2B3000  0x00000800  +
0x6A2B3800  0x00000800  -
0x6A2B4000  0x00000800  +
0x6A2B4800  0x00000800  -
0x6A2B5000  0x00000800  +
0x6A2B5800  0x00000800  -
0x6A2B6000  0x00000800  +
0x6A2B6800  0x00000800  -
0x6A2B7000  0x00000800  +
0x6A2B7800  0x00000800  -
0x6A2B8000  0x00010800  +
0x6A2C8800  0x00000800  -
0x6A2C9000  0x00000800  +
0x6A2C9800  0x00000800  -
0x6A2CA000  0x00000800  +
0x6A2CA800  0x00000800  -
0x6A2CB000  0x00000800  +
0x6A2CB800  0x00000800  -
0x6A2CC000  0x00000800  +
0x6A2CC800  0x00000800  -
0x6A2CD000  0x00000800  +
0x6A2CD800  0x00000800  -
0x6A2CE000  0x00000800  +
0x6A2CE800  0x00000800  -
0x6A2CF000  0x00000800  +
0x6A2CF800  0x00000800  -
0x6A2D0000  0x00010800  +
0x6A2E0800  0x00000800  -
0x6A2E1000  0x00000800  +
0x6A2E1800  0x00000800  -
0x6A2E2000  0x00000800  +
0x6A2E2800  0x00000800  -
0x6A2E3000  0x00000800  +
0x6A2E3800  0x00000800  -
0x6A2E4000  0x00000800  +
0x6A2E4800  0x00000800  -
0x6A2E5000  0x00000800  +
0x6A2E5800  0x00000800  -
0x6A2E6000  0x00000800  +
0x6A2E6800  0x00000800  -
0x6A2E7000  0x00000800  +
0x6A2E7800  0x00000800  -
0x6A2E8000  0x00028800  +
0x6A310800  0x00000800  -
0x6A311000  0x00000800  +
0x6A311800  0x00000800  *
0x6A312000  0x00000800  +
0x6A312800  0x00000800  *
0x6A313000  0x00000800  +
0x6A313800  0x00000800  *
0x6A314000  0x00000800  +
0x6A314800  0x00000800  *
0x6A315000  0x00000800  +
0x6A315800  0x00000800  *
0x6A316000  0x00000800  +
0x6A316800  0x00000800  *
0x6A317000  0x00000800  +
0x6A317800  0x00000800  *
0x6A318000  0x00000800  +
0x6A318800  0x00000800  *
0x6A319000  0x00000800  +
0x6A319800  0x00000800  *
0x6A31A000  0x00000800  +
0x6A31A800  0x00000800  *
0x6A31B000  0x00000800  +
0x6A31B800  0x00000800  *
0x6A31C000  0x00000800  +
0x6A31C800  0x00000800  *
0x6A31D000  0x00000800  +
0x6A31D800  0x00000800  *
0x6A31E000  0x00000800  +
0x6A31E800  0x00000800  *
0x6A31F000  0x00000800  +
0x6A31F800  0x00000800  *
0x6A320000  0x00000800  +
0x6A320800  0x00000800  *
0x6A321000  0x00000800  +
0x6A321800  0x00000800  *
0x6A322000  0x00000800  +
0x6A322800  0x00000800  *
0x6A323000  0x00000800  +
0x6A323800  0x00000800  *
0x6A324000  0x00000800  +
0x6A324800  0x00000800  *
0x6A325000  0x00000800  +
0x6A325800  0x00000800  *
0x6A326000  0x00000800  +
0x6A326800  0x00000800  *
0x6A327000  0x00000800  +
0x6A327800  0x00000800  *
0x6A328000  0x00000800  +
0x6A328800  0x00000800  *
0x6A329000  0x00000800  +
0x6A329800  0x00000800  *
0x6A32A000  0x00000800  +
0x6A32A800  0x00000800  *
0x6A32B000  0x00000800  +
0x6A32B800  0x00000800  *
0x6A32C000  0x00000800  +
0x6A32C800  0x00000800  *
0x6A32D000  0x00000800  +
0x6A32D800  0x00000800  *
0x6A32E000  0x00000800  +
0x6A32E800  0x00000800  *
0x6A32F000  0x00000800  +
0x6A32F800  0x00000800  *
0x6A330000  0x00010800  +
0x6A340800  0x00000800  *
0x6A341000  0x00000800  +
0x6A341800  0x00000800  *
0x6A342000  0x00000800  +
0x6A342800  0x00000800  *
0x6A343000  0x00000800  +
0x6A343800  0x00000800  *
0x6A344000  0x00000800  +
0x6A344800  0x00000800  *
0x6A345000  0x00000800  +
0x6A345800  0x00000800  *
0x6A346000  0x00000800  +
0x6A346800  0x00000800  *
0x6A347000  0x00000800  +
0x6A347800  0x00000800  *
0x6A348000  0x00000800  +
0x6A348800  0x00000800  *
0x6A349000  0x00000800  +
0x6A349800  0x00000800  *
0x6A34A000  0x00000800  +
0x6A34A800  0x00000800  *
0x6A34B000  0x00000800  +
0x6A34B800  0x00000800  *
0x6A34C000  0x00000800  +
0x6A34C800  0x00000800  *
0x6A34D000  0x00000800  +
0x6A34D800  0x00000800  *
0x6A34E000  0x00000800  +
0x6A34E800  0x00000800  *
0x6A34F000  0x00000800  +
0x6A34F800  0x00000800  *
0x6A350000  0x00000800  +
0x6A350800  0x00000800  *
0x6A351000  0x00000800  +
0x6A351800  0x00000800  *
0x6A352000  0x00000800  +
0x6A352800  0x00000800  *
0x6A353000  0x00000800  +
0x6A353800  0x00000800  *
0x6A354000  0x00000800  +
0x6A354800  0x00000800  *
0x6A355000  0x00000800  +
0x6A355800  0x00000800  *
0x6A356000  0x00012000  +
0x6A368000  0x00000800  *
0x6A368800  0x00000800  +
0x6A369000  0x00000800  *
0x6A369800  0x00000800  +
0x6A36A000  0x00000800  *
0x6A36A800  0x00000800  +
0x6A36B000  0x00000800  *
0x6A36B800  0x00000800  +
0x6A36C000  0x00000800  *
0x6A36C800  0x00000800  +
0x6A36D000  0x00000800  *
0x6A36D800  0x00000800  +
0x6A36E000  0x00000800  *
0x6A36E800  0x00000800  +
0x6A36F000  0x00000800  *
0x6A36F800  0x00010800  +
0x6A380000  0x00000800  *
0x6A380800  0x00000800  +
0x6A381000  0x00000800  *
0x6A381800  0x00000800  +
0x6A382000  0x00000800  *
0x6A382800  0x00000800  +
0x6A383000  0x00000800  *
0x6A383800  0x00000800  +
0x6A384000  0x00000800  *
0x6A384800  0x00000800  +
0x6A385000  0x00000800  *
0x6A385800  0x00000800  +
0x6A386000  0x00000800  *
0x6A386800  0x00000800  +
0x6A387000  0x00000800  *
0x6A387800  0x00000800  +
0x6A388000  0x00000800  *
0x6A388800  0x00000800  +
0x6A389000  0x00000800  *
0x6A389800  0x00000800  +
0x6A38A000  0x00000800  *
0x6A38A800  0x00000800  +
0x6A38B000  0x00000800  *
0x6A38B800  0x00000800  +
0x6A38C000  0x00000800  *
0x6A38C800  0x00000800  +
0x6A38D000  0x00000800  *
0x6A38D800  0x00000800  +
0x6A38E000  0x00000800  *
0x6A38E800  0x00000800  +
0x6A38F000  0x00000800  *
0x6A38F800  0x00000800  +
0x6A390000  0x00000800  *
0x6A390800  0x00000800  +
0x6A391000  0x00000800  *
0x6A391800  0x00000800  +
0x6A392000  0x00000800  *
0x6A392800  0x00000800  +
0x6A393000  0x00000800  *
0x6A393800  0x00000800  +
0x6A394000  0x00000800  *
0x6A394800  0x00000800  +
0x6A395000  0x00000800  *
0x6A395800  0x00000800  +
0x6A396000  0x00000800  *
0x6A396800  0x00000800  +
0x6A397000  0x00000800  *
0x6A397800  0x00000800  +
0x6A398000  0x00000800  *
0x6A398800  0x00000800  +
0x6A399000  0x00000800  *
0x6A399800  0x00000800  +
0x6A39A000  0x00000800  *
0x6A39A800  0x00000800  +
0x6A39B000  0x00000800  *
0x6A39B800  0x00000800  +
0x6A39C000  0x00000800  *
0x6A39C800  0x00000800  +
0x6A39D000  0x00000800  *
0x6A39D800  0x00000800  +
0x6A39E000  0x00000800  *
0x6A39E800  0x00000800  +
0x6A39F000  0x00000800  *
0x6A39F800  0x00010800  +
0x6A3B0000  0x00000800  *
0x6A3B0800  0x00000800  +
0x6A3B1000  0x00000800  *
0x6A3B1800  0x00000800  +
0x6A3B2000  0x00000800  *
0x6A3B2800  0x00010800  +
0x6A3C3000  0x00000800  *
0x6A3C3800  0x00000800  +
0x6A3C4000  0x00000800  *
0x6A3C4800  0x00000800  +
0x6A3C5000  0x00000800  *
0x6A3C5800  0x00000800  +
0x6A3C6000  0x00000800  *
0x6A3C6800  0x00000800  +
0x6A3C7000  0x00000800  *
0x6A3C7800  0x00000800  +
0x6A3C8000  0x00000800  *
0x6A3C8800  0x00000800  +
0x6A3C9000  0x00000800  *
0x6A3C9800  0x00000800  +
0x6A3CA000  0x00000800  *
0x6A3CA800  0x00000800  +
0x6A3CB000  0x00000800  *
0x6A3CB800  0x00000800  +
0x6A3CC000  0x00000800  *
0x6A3CC800  0x00000800  +
0x6A3CD000  0x00000800  *
0x6A3CD800  0x00000800  +
0x6A3CE000  0x00000800  *
0x6A3CE800  0x00000800  +
0x6A3CF000  0x00000800  *
0x6A3CF800  0x00010800  +
0x6A3E0000  0x00000800  *
0x6A3E0800  0x00000800  +
0x6A3E1000  0x00000800  *
0x6A3E1800  0x00000800  +
0x6A3E2000  0x00000800  *
0x6A3E2800  0x00000800  +
0x6A3E3000  0x00000800  *
0x6A3E3800  0x00000800  +
0x6A3E4000  0x00000800  *
0x6A3E4800  0x00000800  +
0x6A3E5000  0x00000800  *
0x6A3E5800  0x00000800  +
0x6A3E6000  0x00000800  *
0x6A3E6800  0x00000800  +
0x6A3E7000  0x00000800  *
0x6A3E7800  0x00000800  +
0x6A3E8000  0x00000800  *
0x6A3E8800  0x00000800  +
0x6A3E9000  0x00000800  *
0x6A3E9800  0x00000800  +
0x6A3EA000  0x00000800  *
0x6A3EA800  0x00000800  +
0x6A3EB000  0x00000800  *
0x6A3EB800  0x00000800  +
0x6A3EC000  0x00000800  *
0x6A3EC800  0x00000800  +
0x6A3ED000  0x00000800  *
0x6A3ED800  0x00000800  +
0x6A3EE000  0x00000800  *
0x6A3EE800  0x00000800  +
0x6A3EF000  0x00000800  *
0x6A3EF800  0x00000800  +
0x6A3F0000  0x00000800  *
0x6A3F0800  0x00000800  +
0x6A3F1000  0x00000800  *
0x6A3F1800  0x00000800  +
0x6A3F2000  0x00000800  *
0x6A3F2800  0x00000800  +
0x6A3F3000  0x00000800  *
0x6A3F3800  0x00000800  +
0x6A3F4000  0x00000800  *
0x6A3F4800  0x00000800  +
0x6A3F5000  0x00000800  *
0x6A3F5800  0x00000800  +
0x6A3F6000  0x00000800  *
0x6A3F6800  0x00000800  +
0x6A3F7000  0x00000800  *
0x6A3F7800  0x00000800  +
0x6A3F8000  0x00000800  *
0x6A3F8800  0x00000800  +
0x6A3F9000  0x00000800  *
0x6A3F9800  0x00000800  +
0x6A3FA000  0x00000800  *
0x6A3FA800  0x00000800  +
0x6A3FB000  0x00000800  *
0x6A3FB800  0x00000800  +
0x6A3FC000  0x00000800  *
0x6A3FC800  0x00000800  +
0x6A3FD000  0x00000800  *
0x6A3FD800  0x00000800  +
0x6A3FE000  0x00000800  *
0x6A3FE800  0x00000800  +
0x6A3FF000  0x00000800  *
0x6A3FF800  0x00000800  +
0x6A400000  0x00000800  *
0x6A400800  0x00000800  +
0x6A401000  0x00000800  *
0x6A401800  0x00000800  +
0x6A402000  0x00000800  *
0x6A402800  0x00000800  +
0x6A403000  0x00000800  *
0x6A403800  0x00000800  +
0x6A404000  0x00000800  *
0x6A404800  0x00000800  +
0x6A405000  0x00000800  *
0x6A405800  0x00000800  +
0x6A406000  0x00000800  *
0x6A406800  0x00000800  +
0x6A407000  0x00000800  *
0x6A407800  0x00000800  +
0x6A408000  0x00000800  *
0x6A408800  0x00000800  +
0x6A409000  0x00000800  *
0x6A409800  0x00000800  +
0x6A40A000  0x00000800  *
0x6A40A800  0x00000800  +
0x6A40B000  0x00000800  *
0x6A40B800  0x00000800  +
0x6A40C000  0x00000800  *
0x6A40C800  0x00000800  +
0x6A40D000  0x00000800  *
0x6A40D800  0x0001A800  +
0x6A428000  0x00000800  *
0x6A428800  0x00000800  +
0x6A429000  0x00000800  *
0x6A429800  0x00000800  +
0x6A42A000  0x00000800  *
0x6A42A800  0x00000800  +
0x6A42B000  0x00000800  *
0x6A42B800  0x00000800  +
0x6A42C000  0x00000800  *
0x6A42C800  0x00000800  +
0x6A42D000  0x00000800  *
0x6A42D800  0x00000800  +
0x6A42E000  0x00000800  *
0x6A42E800  0x00000800  +
0x6A42F000  0x00000800  *
0x6A42F800  0x00000800  +
0x6A430000  0x00000800  *
0x6A430800  0x00000800  +
0x6A431000  0x00000800  *
0x6A431800  0x00000800  +
0x6A432000  0x00000800  *
0x6A432800  0x00000800  +
0x6A433000  0x00000800  *
0x6A433800  0x00000800  +
0x6A434000  0x00000800  *
0x6A434800  0x00000800  +
0x6A435000  0x00000800  *
0x6A435800  0x00000800  +
0x6A436000  0x00000800  *
0x6A436800  0x00000800  +
0x6A437000  0x00000800  *
0x6A437800  0x00000800  +
0x6A438000  0x00000800  *
0x6A438800  0x00000800  +
0x6A439000  0x00000800  *
0x6A439800  0x00000800  +
0x6A43A000  0x00000800  *
0x6A43A800  0x00000800  +
0x6A43B000  0x00000800  *
0x6A43B800  0x00000800  +
0x6A43C000  0x00000800  *
0x6A43C800  0x00000800  +
0x6A43D000  0x00000800  *
0x6A43D800  0x00000800  +
0x6A43E000  0x00000800  *
0x6A43E800  0x00000800  +
0x6A43F000  0x00000800  *
0x6A43F800  0x00010800  +
0x6A450000  0x00000800  *
0x6A450800  0x00000800  +
0x6A451000  0x00000800  *
0x6A451800  0x00000800  +
0x6A452000  0x00000800  *
0x6A452800  0x00000800  +
0x6A453000  0x00000800  *
0x6A453800  0x00000800  +
0x6A454000  0x00000800  *
0x6A454800  0x00000800  +
0x6A455000  0x00000800  *
0x6A455800  0x00000800  +
0x6A456000  0x00000800  *
0x6A456800  0x00000800  +
0x6A457000  0x00000800  *
0x6A457800  0x00000800  +
0x6A458000  0x00000800  *
0x6A458800  0x00000800  +
0x6A459000  0x00000800  *
0x6A459800  0x00000800  +
0x6A45A000  0x00000800  *
0x6A45A800  0x00000800  +
0x6A45B000  0x00000800  *
0x6A45B800  0x00000800  +
0x6A45C000  0x00000800  *
0x6A45C800  0x00000800  +
0x6A45D000  0x00000800  *
0x6A45D800  0x00000800  +
0x6A45E000  0x00000800  *
0x6A45E800  0x00000800  +
0x6A45F000  0x00000800  *
0x6A45F800  0x00000800  +
0x6A460000  0x00000800  *
0x6A460800  0x00000800  +
0x6A461000  0x00000800  *
0x6A461800  0x00000800  +
0x6A462000  0x00000800  *
0x6A462800  0x00000800  +
0x6A463000  0x00000800  *
0x6A463800  0x00000800  +
0x6A464000  0x00000800  *
0x6A464800  0x00000800  +
0x6A465000  0x00000800  *
0x6A465800  0x00000800  +
0x6A466000  0x00000800  *
0x6A466800  0x00000800  +
0x6A467000  0x00000800  *
0x6A467800  0x00000800  +
0x6A468000  0x00000800  *
0x6A468800  0x00000800  +
0x6A469000  0x00000800  *
0x6A469800  0x00000800  +
0x6A46A000  0x00000800  *
0x6A46A800  0x00000800  +
0x6A46B000  0x00000800  *
0x6A46B800  0x00000800  +
0x6A46C000  0x00000800  *
0x6A46C800  0x00000800  +
0x6A46D000  0x00000800  *
0x6A46D800  0x00000800  +
0x6A46E000  0x00000800  *
0x6A46E800  0x00000800  +
0x6A46F000  0x00000800  *
0x6A46F800  0x0001D000  +
0x6A48C800  0x00000800  *
0x6A48D000  0x00000800  +
0x6A48D800  0x00000800  *
0x6A48E000  0x00000800  +
0x6A48E800  0x00000800  *
0x6A48F000  0x00000800  +
0x6A48F800  0x00000800  *
0x6A490000  0x00000800  +
0x6A490800  0x00000800  *
0x6A491000  0x00000800  +
0x6A491800  0x00000800  *
0x6A492000  0x00000800  +
0x6A492800  0x00000800  *
0x6A493000  0x00000800  +
0x6A493800  0x00000800  *
0x6A494000  0x00000800  +
0x6A494800  0x00000800  *
0x6A495000  0x00000800  +
0x6A495800  0x00000800  *
0x6A496000  0x00000800  +
0x6A496800  0x00000800  *
0x6A497000  0x00000800  +
0x6A497800  0x00000800  *
0x6A498000  0x00000800  +
0x6A498800  0x00000800  *
0x6A499000  0x00000800  +
0x6A499800  0x00000800  *
0x6A49A000  0x00000800  +
0x6A49A800  0x00000800  *
0x6A49B000  0x00000800  +
0x6A49B800  0x00000800  *
0x6A49C000  0x00000800  +
0x6A49C800  0x00000800  *
0x6A49D000  0x00000800  +
0x6A49D800  0x00000800  *
0x6A49E000  0x00000800  +
0x6A49E800  0x00000800  *
0x6A49F000  0x00000800  +
0x6A49F800  0x00000800  *
0x6A4A0000  0x00010800  +
0x6A4B0800  0x00000800  *
0x6A4B1000  0x00000800  +
0x6A4B1800  0x00000800  *
0x6A4B2000  0x00000800  +
0x6A4B2800  0x00000800  *
0x6A4B3000  0x00000800  +
0x6A4B3800  0x00000800  *
0x6A4B4000  0x00000800  +
0x6A4B4800  0x00000800  *
0x6A4B5000  0x00000800  +
0x6A4B5800  0x00000800  *
0x6A4B6000  0x00000800  +
0x6A4B6800  0x00000800  *
0x6A4B7000  0x00000800  +
0x6A4B7800  0x00000800  *
0x6A4B8000  0x00000800  +
0x6A4B8800  0x00000800  *
0x6A4B9000  0x00000800  +
0x6A4B9800  0x00000800  *
0x6A4BA000  0x00000800  +
0x6A4BA800  0x00000800  *
0x6A4BB000  0x00000800  +
0x6A4BB800  0x00000800  *
0x6A4BC000  0x00000800  +
0x6A4BC800  0x00000800  *
0x6A4BD000  0x00000800  +
0x6A4BD800  0x00000800  *
0x6A4BE000  0x00000800  +
0x6A4BE800  0x00000800  *
0x6A4BF000  0x00000800  +
0x6A4BF800  0x00000800  *
0x6A4C0000  0x00000800  +
0x6A4C0800  0x00000800  *
0x6A4C1000  0x00000800  +
0x6A4C1800  0x00000800  *
0x6A4C2000  0x00000800  +
0x6A4C2800  0x00000800  *
0x6A4C3000  0x00000800  +
0x6A4C3800  0x00000800  *
0x6A4C4000  0x00000800  +
0x6A4C4800  0x00000800  *
0x6A4C5000  0x00000800  +
0x6A4C5800  0x00000800  *
0x6A4C6000  0x00000800  +
0x6A4C6800  0x00000800  *
0x6A4C7000  0x00000800  +
0x6A4C7800  0x00000800  *
0x6A4C8000  0x00000800  +
0x6A4C8800  0x00000800  *
0x6A4C9000  0x00000800  +
0x6A4C9800  0x00000800  *
0x6A4CA000  0x00000800  +
0x6A4CA800  0x00000800  *
0x6A4CB000  0x00000800  +
0x6A4CB800  0x00000800  *
0x6A4CC000  0x00000800  +
0x6A4CC800  0x00000800  *
0x6A4CD000  0x00000800  +
0x6A4CD800  0x00000800  *
0x6A4CE000  0x00000800  +
0x6A4CE800  0x00000800  *
0x6A4CF000  0x00000800  +
0x6A4CF800  0x00000800  *
0x6A4D0000  0x00000800  +
0x6A4D0800  0x00000800  *
0x6A4D1000  0x00000800  +
0x6A4D1800  0x00000800  *
0x6A4D2000  0x00000800  +
0x6A4D2800  0x00000800  *
0x6A4D3000  0x00000800  +
0x6A4D3800  0x00000800  *
0x6A4D4000  0x00000800  +
0x6A4D4800  0x00000800  *
0x6A4D5000  0x00000800  +
0x6A4D5800  0x00000800  *
0x6A4D6000  0x00000800  +
0x6A4D6800  0x00000800  *
0x6A4D7000  0x00019800  +
0x6A4F0800  0x00000800  *
0x6A4F1000  0x00000800  +
0x6A4F1800  0x00000800  *
0x6A4F2000  0x00000800  +
0x6A4F2800  0x00000800  *
0x6A4F3000  0x00000800  +
0x6A4F3800  0x00000800  *
0x6A4F4000  0x00000800  +
0x6A4F4800  0x00000800  *
0x6A4F5000  0x00000800  +
0x6A4F5800  0x00000800  *
0x6A4F6000  0x00000800  +
0x6A4F6800  0x00000800  *
0x6A4F7000  0x00000800  +
0x6A4F7800  0x00000800  *
0x6A4F8000  0x00000800  +
0x6A4F8800  0x00000800  *
0x6A4F9000  0x00000800  +
0x6A4F9800  0x00000800  *
0x6A4FA000  0x00000800  +
0x6A4FA800  0x00000800  *
0x6A4FB000  0x00000800  +
0x6A4FB800  0x00000800  *
0x6A4FC000  0x00000800  +
0x6A4FC800  0x00000800  *
0x6A4FD000  0x00000800  +
0x6A4FD800  0x00000800  *
0x6A4FE000  0x00000800  +
0x6A4FE800  0x00000800  *
0x6A4FF000  0x00000800  +
0x6A4FF800  0x00000800  *
0x6A500000  0x00000800  +
0x6A500800  0x00000800  *
0x6A501000  0x00000800  +
0x6A501800  0x00000800  *
0x6A502000  0x00000800  +
0x6A502800  0x00000800  *
0x6A503000  0x00000800  +
0x6A503800  0x00000800  *
0x6A504000  0x00000800  +
0x6A504800  0x00000800  *
0x6A505000  0x00000800  +
0x6A505800  0x00000800  *
0x6A506000  0x00000800  +
0x6A506800  0x00000800  *
0x6A507000  0x00000800  +
0x6A507800  0x00000800  *
0x6A508000  0x00000800  +
0x6A508800  0x00000800  *
0x6A509000  0x00000800  +
0x6A509800  0x00000800  *
0x6A50A000  0x00000800  +
0x6A50A800  0x00000800  *
0x6A50B000  0x00000800  +
0x6A50B800  0x00000800  *
0x6A50C000  0x00000800  +
0x6A50C800  0x00000800  *
0x6A50D000  0x00000800  +
0x6A50D800  0x00000800  *
0x6A50E000  0x00000800  +
0x6A50E800  0x00000800  *
0x6A50F000  0x00000800  +
0x6A50F800  0x00000800  *
0x6A510000  0x00010800  +
0x6A520800  0x00000800  *
0x6A521000  0x00000800  +
0x6A521800  0x00000800  *
0x6A522000  0x00000800  +
0x6A522800  0x00000800  *
0x6A523000  0x00000800  +
0x6A523800  0x00000800  *
0x6A524000  0x00000800  +
0x6A524800  0x00000800  *
0x6A525000  0x00000800  +
0x6A525800  0x00000800  *
0x6A526000  0x00000800  +
0x6A526800  0x00000800  *
0x6A527000  0x00000800  +
0x6A527800  0x00000800  *
0x6A528000  0x00000800  +
0x6A528800  0x00000800  *
0x6A529000  0x00000800  +
0x6A529800  0x00000800  *
0x6A52A000  0x00000800  +
0x6A52A800  0x00000800  *
0x6A52B000  0x00000800  +
0x6A52B800  0x00000800  *
0x6A52C000  0x00000800  +
0x6A52C800  0x00000800  *
0x6A52D000  0x00000800  +
0x6A52D800  0x00000800  *
0x6A52E000  0x00000800  +
0x6A52E800  0x00000800  *
0x6A52F000  0x0000E000  +
0x6A53D000  0x00000800  *
0x6A53D800  0x00000800  +
0x6A53E000  0x00000800  *
0x6A53E800  0x00000800  +
0x6A53F000  0x00000800  *
0x6A53F800  0x00010800  +
0x6A550000  0x00000800  *
0x6A550800  0x00000800  +
0x6A551000  0x00000800  *
0x6A551800  0x00000800  +
0x6A552000  0x00000800  *
0x6A552800  0x00000800  +
0x6A553000  0x00000800  *
0x6A553800  0x00000800  +
0x6A554000  0x00000800  *
0x6A554800  0x00000800  +
0x6A555000  0x00000800  *
0x6A555800  0x00000800  +
0x6A556000  0x00000800  *
0x6A556800  0x00000800  +
0x6A557000  0x00000800  *
0x6A557800  0x00000800  +
0x6A558000  0x00000800  *
0x6A558800  0x00000800  +
0x6A559000  0x00000800  *
0x6A559800  0x00000800  +
0x6A55A000  0x00000800  *
0x6A55A800  0x00000800  +
0x6A55B000  0x00000800  *
0x6A55B800  0x00000800  +
0x6A55C000  0x00000800  *
0x6A55C800  0x00000800  +
0x6A55D000  0x00000800  *
0x6A55D800  0x00000800  +
0x6A55E000  0x00000800  *
0x6A55E800  0x00000800  +
0x6A55F000  0x00000800  *
0x6A55F800  0x00000800  +
0x6A560000  0x00000800  *
0x6A560800  0x00000800  +
0x6A561000  0x00000800  *
0x6A561800  0x00000800  +
0x6A562000  0x00000800  *
0x6A562800  0x00000800  +
0x6A563000  0x00000800  *
0x6A563800  0x00000800  +
0x6A564000  0x00000800  *
0x6A564800  0x00000800  +
0x6A565000  0x00000800  *
0x6A565800  0x00000800  +
0x6A566000  0x00000800  *
0x6A566800  0x00000800  +
0x6A567000  0x00000800  *
0x6A567800  0x00000800  +
0x6A568000  0x00000800  *
0x6A568800  0x00000800  +
0x6A569000  0x00000800  *
0x6A569800  0x00000800  +
0x6A56A000  0x00000800  *
0x6A56A800  0x00000800  +
0x6A56B000  0x00000800  *
0x6A56B800  0x00000800  +
0x6A56C000  0x00000800  *
0x6A56C800  0x00000800  +
0x6A56D000  0x00000800  *
0x6A56D800  0x00000800  +
0x6A56E000  0x00000800  *
0x6A56E800  0x00000800  +
0x6A56F000  0x00000800  *
0x6A56F800  0x00000800  +
0x6A570000  0x00000800  *
0x6A570800  0x00000800  +
0x6A571000  0x00000800  *
0x6A571800  0x00000800  +
0x6A572000  0x00000800  *
0x6A572800  0x00000800  +
0x6A573000  0x00000800  *
0x6A573800  0x00000800  +
0x6A574000  0x00000800  *
0x6A574800  0x00000800  +
0x6A575000  0x00000800  *
0x6A575800  0x00000800  +
0x6A576000  0x00000800  *
0x6A576800  0x00000800  +
0x6A577000  0x00000800  *
0x6A577800  0x00000800  +
0x6A578000  0x00000800  *
0x6A578800  0x00000800  +
0x6A579000  0x00000800  *
0x6A579800  0x00000800  +
0x6A57A000  0x00000800  *
0x6A57A800  0x00000800  +
0x6A57B000  0x00000800  *
0x6A57B800  0x00000800  +
0x6A57C000  0x00000800  *
0x6A57C800  0x00000800  +
0x6A57D000  0x00000800  *
0x6A57D800  0x00000800  +
0x6A57E000  0x00000800  *
0x6A57E800  0x00000800  +
0x6A57F000  0x00000800  *
0x6A57F800  0x00019000  +
0x6A598800  0x00000800  *
0x6A599000  0x00000800  +
0x6A599800  0x00000800  *
0x6A59A000  0x00000800  +
0x6A59A800  0x00000800  *
0x6A59B000  0x00000800  +
0x6A59B800  0x00000800  *
0x6A59C000  0x00000800  +
0x6A59C800  0x00000800  *
0x6A59D000  0x00000800  +
0x6A59D800  0x00000800  *
0x6A59E000  0x00000800  +
0x6A59E800  0x00000800  *
0x6A59F000  0x00000800  +
0x6A59F800  0x00000800  *
0x6A5A0000  0x00000800  +
0x6A5A0800  0x00000800  *
0x6A5A1000  0x00000800  +
0x6A5A1800  0x00000800  *
0x6A5A2000  0x00000800  +
0x6A5A2800  0x00000800  *
0x6A5A3000  0x00000800  +
0x6A5A3800  0x00000800  *
0x6A5A4000  0x00000800  +
0x6A5A4800  0x00000800  *
0x6A5A5000  0x00000800  +
0x6A5A5800  0x00000800  *
0x6A5A6000  0x00000800  +
0x6A5A6800  0x00000800  *
0x6A5A7000  0x00000800  +
0x6A5A7800  0x00000800  *
0x6A5A8000  0x00000800  +
0x6A5A8800  0x00000800  *
0x6A5A9000  0x00000800  +
0x6A5A9800  0x00000800  *
0x6A5AA000  0x00000800  +
0x6A5AA800  0x00000800  *
0x6A5AB000  0x00000800  +
0x6A5AB800  0x00000800  *
0x6A5AC000  0x00000800  +
0x6A5AC800  0x00000800  *
0x6A5AD000  0x00000800  +
0x6A5AD800  0x00000800  *
0x6A5AE000  0x00000800  +
0x6A5AE800  0x00000800  *
0x6A5AF000  0x00000800  +
0x6A5AF800  0x00000800  *
0x6A5B0000  0x00010800  +
0x6A5C0800  0x00000800  *
0x6A5C1000  0x00000800  +
0x6A5C1800  0x00000800  *
0x6A5C2000  0x00000800  +
0x6A5C2800  0x00000800  *
0x6A5C3000  0x00000800  +
0x6A5C3800  0x00000800  *
0x6A5C4000  0x00000800  +
0x6A5C4800  0x00000800  *
0x6A5C5000  0x00000800  +
0x6A5C5800  0x00000800  *
0x6A5C6000  0x00000800  +
0x6A5C6800  0x00000800  *
0x6A5C7000  0x00000800  +
0x6A5C7800  0x00000800  *
0x6A5C8000  0x00000800  +
0x6A5C8800  0x00000800  *
0x6A5C9000  0x00000800  +
0x6A5C9800  0x00000800  *
0x6A5CA000  0x00000800  +
0x6A5CA800  0x00000800  *
0x6A5CB000  0x00000800  +
0x6A5CB800  0x00000800  *
0x6A5CC000  0x00000800  +
0x6A5CC800  0x00000800  *
0x6A5CD000  0x00000800  +
0x6A5CD800  0x00000800  *
0x6A5CE000  0x00000800  +
0x6A5CE800  0x00000800  *
0x6A5CF000  0x00000800  +
0x6A5CF800  0x00000800  *
0x6A5D0000  0x00000800  +
0x6A5D0800  0x00000800  *
0x6A5D1000  0x00000800  +
0x6A5D1800  0x00000800  *
0x6A5D2000  0x00000800  +
0x6A5D2800  0x00000800  *
0x6A5D3000  0x00000800  +
0x6A5D3800  0x00000800  *
0x6A5D4000  0x00000800  +
0x6A5D4800  0x00000800  *
0x6A5D5000  0x00000800  +
0x6A5D5800  0x00000800  *
0x6A5D6000  0x00000800  +
0x6A5D6800  0x00000800  *
0x6A5D7000  0x00000800  +
0x6A5D7800  0x00000800  *
0x6A5D8000  0x00000800  +
0x6A5D8800  0x00000800  *
0x6A5D9000  0x00000800  +
0x6A5D9800  0x00000800  *
0x6A5DA000  0x00000800  +
0x6A5DA800  0x00000800  *
0x6A5DB000  0x00000800  +
0x6A5DB800  0x00000800  *
0x6A5DC000  0x00000800  +
0x6A5DC800  0x00000800  *
0x6A5DD000  0x00000800  +
0x6A5DD800  0x00000800  *
0x6A5DE000  0x00000800  +
0x6A5DE800  0x00000800  *
0x6A5DF000  0x00000800  +
0x6A5DF800  0x00000800  *
0x6A5E0000  0x00025800  +
0x6A605800  0x00000800  *
0x6A606000  0x00000800  +
0x6A606800  0x00000800  *
0x6A607000  0x00000800  +
0x6A607800  0x00000800  *
0x6A608000  0x00000800  +
0x6A608800  0x00000800  *
0x6A609000  0x00000800  +
0x6A609800  0x00000800  *
0x6A60A000  0x00000800  +
0x6A60A800  0x00000800  *
0x6A60B000  0x00000800  +
0x6A60B800  0x00000800  *
0x6A60C000  0x00000800  +
0x6A60C800  0x00000800  *
0x6A60D000  0x00000800  +
0x6A60D800  0x00000800  *
0x6A60E000  0x00000800  +
0x6A60E800  0x00000800  *
0x6A60F000  0x00000800  +
0x6A60F800  0x00000800  *
0x6A610000  0x00010800  +
0x6A620800  0x00000800  *
0x6A621000  0x00000800  +
0x6A621800  0x00000800  *
0x6A622000  0x00000800  +
0x6A622800  0x00000800  *
0x6A623000  0x00000800  +
0x6A623800  0x00000800  *
0x6A624000  0x00000800  +
0x6A624800  0x00000800  *
0x6A625000  0x00000800  +
0x6A625800  0x00000800  *
0x6A626000  0x00000800  +
0x6A626800  0x00000800  *
0x6A627000  0x00000800  +
0x6A627800  0x00000800  *
0x6A628000  0x00000800  +
0x6A628800  0x00000800  *
0x6A629000  0x00000800  +
0x6A629800  0x00000800  *
0x6A62A000  0x00000800  +
0x6A62A800  0x00000800  *
0x6A62B000  0x00000800  +
0x6A62B800  0x00000800  *
0x6A62C000  0x00000800  +
0x6A62C800  0x00000800  *
0x6A62D000  0x00000800  +
0x6A62D800  0x00000800  *
0x6A62E000  0x00000800  +
0x6A62E800  0x00000800  *
0x6A62F000  0x00000800  +
0x6A62F800  0x00000800  *
0x6A630000  0x00000800  +
0x6A630800  0x00000800  *
0x6A631000  0x00000800  +
0x6A631800  0x00000800  *
0x6A632000  0x00000800  +
0x6A632800  0x00000800  *
0x6A633000  0x00000800  +
0x6A633800  0x00000800  *
0x6A634000  0x00000800  +
0x6A634800  0x00000800  *
0x6A635000  0x00000800  +
0x6A635800  0x00000800  *
0x6A636000  0x00000800  +
0x6A636800  0x00000800  *
0x6A637000  0x00000800  +
0x6A637800  0x00000800  *
0x6A638000  0x00000800  +
0x6A638800  0x00000800  *
0x6A639000  0x00000800  +
0x6A639800  0x00000800  *
0x6A63A000  0x00000800  +
0x6A63A800  0x00000800  *
0x6A63B000  0x00000800  +
0x6A63B800  0x00000800  *
0x6A63C000  0x00000800  +
0x6A63C800  0x00000800  *
0x6A63D000  0x00000800  +
0x6A63D800  0x00000800  *
0x6A63E000  0x00000800  +
0x6A63E800  0x00000800  *
0x6A63F000  0x00000800  +
0x6A63F800  0x00000800  *
0x6A640000  0x00000800  +
0x6A640800  0x00000800  *
0x6A641000  0x00000800  +
0x6A641800  0x00000800  *
0x6A642000  0x00000800  +
0x6A642800  0x00000800  *
0x6A643000  0x00000800  +
0x6A643800  0x00000800  *
0x6A644000  0x00000800  +
0x6A644800  0x00000800  *
0x6A645000  0x00000800  +
0x6A645800  0x00000800  *
0x6A646000  0x00000800  +
0x6A646800  0x00000800  *
0x6A647000  0x00000800  +
0x6A647800  0x00000800  *
0x6A648000  0x00000800  +
0x6A648800  0x00000800  *
0x6A649000  0x00000800  +
0x6A649800  0x00000800  *
0x6A64A000  0x00000800  +
0x6A64A800  0x00000800  *
0x6A64B000  0x00000800  +
0x6A64B800  0x00000800  *
0x6A64C000  0x00000800  +
0x6A64C800  0x00000800  *
0x6A64D000  0x00000800  +
0x6A64D800  0x00000800  *
0x6A64E000  0x00000800  +
0x6A64E800  0x00000800  *
0x6A64F000  0x00000800  +
0x6A64F800  0x00000800  *
0x6A650000  0x00010800  +
0x6A660800  0x00000800  *
0x6A661000  0x00000800  +
0x6A661800  0x00000800  *
0x6A662000  0x00000800  +
0x6A662800  0x00000800  *
0x6A663000  0x00000800  +
0x6A663800  0x00000800  *
0x6A664000  0x00000800  +
0x6A664800  0x00000800  *
0x6A665000  0x00000800  +
0x6A665800  0x00000800  *
0x6A666000  0x00000800  +
0x6A666800  0x00000800  *
0x6A667000  0x00000800  +
0x6A667800  0x00000800  *
0x6A668000  0x00000800  +
0x6A668800  0x00000800  *
0x6A669000  0x00000800  +
0x6A669800  0x00000800  *
0x6A66A000  0x00000800  +
0x6A66A800  0x00000800  *
0x6A66B000  0x00000800  +
0x6A66B800  0x00000800  *
0x6A66C000  0x00000800  +
0x6A66C800  0x00000800  *
0x6A66D000  0x00000800  +
0x6A66D800  0x00000800  *
0x6A66E000  0x00000800  +
0x6A66E800  0x00000800  *
0x6A66F000  0x00000800  +
0x6A66F800  0x00000800  *
0x6A670000  0x00000800  +
0x6A670800  0x00000800  *
0x6A671000  0x00000800  +
0x6A671800  0x00000800  *
0x6A672000  0x00000800  +
0x6A672800  0x00000800  *
0x6A673000  0x00000800  +
0x6A673800  0x00000800  *
0x6A674000  0x00000800  +
0x6A674800  0x00000800  *
0x6A675000  0x00000800  +
0x6A675800  0x00000800  *
0x6A676000  0x00000800  +
0x6A676800  0x00000800  *
0x6A677000  0x00000800  +
0x6A677800  0x00000800  *
0x6A678000  0x00000800  +
0x6A678800  0x00000800  *
0x6A679000  0x00000800  +
0x6A679800  0x00000800  *
0x6A67A000  0x00000800  +
0x6A67A800  0x00000800  *
0x6A67B000  0x00000800  +
0x6A67B800  0x00000800  *
0x6A67C000  0x00000800  +
0x6A67C800  0x00000800  *
0x6A67D000  0x00000800  +
0x6A67D800  0x00000800  *
0x6A67E000  0x00000800  +
0x6A67E800  0x00000800  *
0x6A67F000  0x00000800  +
0x6A67F800  0x00000800  *
0x6A680000  0x00040800  +
0x6A6C0800  0x00000800  *
0x6A6C1000  0x00000800  +
0x6A6C1800  0x00000800  *
0x6A6C2000  0x00000800  +
0x6A6C2800  0x00000800  *
0x6A6C3000  0x00000800  +
0x6A6C3800  0x00000800  *
0x6A6C4000  0x00000800  +
0x6A6C4800  0x00000800  *
0x6A6C5000  0x00000800  +
0x6A6C5800  0x00000800  *
0x6A6C6000  0x00000800  +
0x6A6C6800  0x00000800  *
0x6A6C7000  0x00000800  +
0x6A6C7800  0x00000800  *
0x6A6C8000  0x00000800  +
0x6A6C8800  0x00000800  *
0x6A6C9000  0x00000800  +
0x6A6C9800  0x00000800  *
0x6A6CA000  0x00000800  +
0x6A6CA800  0x00000800  *
0x6A6CB000  0x00000800  +
0x6A6CB800  0x00000800  *
0x6A6CC000  0x00000800  +
0x6A6CC800  0x00000800  *
0x6A6CD000  0x00000800  +
0x6A6CD800  0x00000800  *
0x6A6CE000  0x00000800  +
0x6A6CE800  0x00000800  *
0x6A6CF000  0x00000800  +
0x6A6CF800  0x00000800  *
0x6A6D0000  0x00000800  +
0x6A6D0800  0x00000800  *
0x6A6D1000  0x00000800  +
0x6A6D1800  0x00000800  *
0x6A6D2000  0x00000800  +
0x6A6D2800  0x00000800  *
0x6A6D3000  0x00000800  +
0x6A6D3800  0x00000800  *
0x6A6D4000  0x00000800  +
0x6A6D4800  0x00000800  *
0x6A6D5000  0x00000800  +
0x6A6D5800  0x00000800  *
0x6A6D6000  0x00000800  +
0x6A6D6800  0x00000800  *
0x6A6D7000  0x00000800  +
0x6A6D7800  0x00000800  *
0x6A6D8000  0x00000800  +
0x6A6D8800  0x00000800  *
0x6A6D9000  0x00000800  +
0x6A6D9800  0x00000800  *
0x6A6DA000  0x00000800  +
0x6A6DA800  0x00000800  *
0x6A6DB000  0x00000800  +
0x6A6DB800  0x00000800  *
0x6A6DC000  0x00000800  +
0x6A6DC800  0x00000800  *
0x6A6DD000  0x00000800  +
0x6A6DD800  0x00000800  *
0x6A6DE000  0x00000800  +
0x6A6DE800  0x00000800  *
0x6A6DF000  0x00000800  +
0x6A6DF800  0x00000800  *
0x6A6E0000  0x00000800  +
0x6A6E0800  0x00000800  *
0x6A6E1000  0x00000800  +
0x6A6E1800  0x00000800  *
0x6A6E2000  0x00000800  +
0x6A6E2800  0x00000800  *
0x6A6E3000  0x00000800  +
0x6A6E3800  0x00000800  *
0x6A6E4000  0x00000800  +
0x6A6E4800  0x00000800  *
0x6A6E5000  0x00000800  +
0x6A6E5800  0x00000800  *
0x6A6E6000  0x00000800  +
0x6A6E6800  0x00000800  *
0x6A6E7000  0x00000800  +
0x6A6E7800  0x00000800  *
0x6A6E8000  0x00000800  +
0x6A6E8800  0x00000800  *
0x6A6E9000  0x00000800  +
0x6A6E9800  0x00000800  *
0x6A6EA000  0x00000800  +
0x6A6EA800  0x00000800  *
0x6A6EB000  0x00000800  +
0x6A6EB800  0x00000800  *
0x6A6EC000  0x00000800  +
0x6A6EC800  0x00000800  *
0x6A6ED000  0x00000800  +
0x6A6ED800  0x00000800  *
0x6A6EE000  0x00000800  +
0x6A6EE800  0x00000800  *
0x6A6EF000  0x00000800  +
0x6A6EF800  0x00000800  *
0x6A6F0000  0x00010800  +
0x6A700800  0x00000800  *
0x6A701000  0x00000800  +
0x6A701800  0x00000800  *
0x6A702000  0x00000800  +
0x6A702800  0x00000800  *
0x6A703000  0x00000800  +
0x6A703800  0x00000800  *
0x6A704000  0x00000800  +
0x6A704800  0x00000800  *
0x6A705000  0x00000800  +
0x6A705800  0x00000800  *
0x6A706000  0x00000800  +
0x6A706800  0x00000800  *
0x6A707000  0x00000800  +
0x6A707800  0x00000800  *
0x6A708000  0x00000800  +
0x6A708800  0x00000800  *
0x6A709000  0x00000800  +
0x6A709800  0x00000800  *
0x6A70A000  0x00000800  +
0x6A70A800  0x00000800  *
0x6A70B000  0x00000800  +
0x6A70B800  0x00000800  *
0x6A70C000  0x00000800  +
0x6A70C800  0x00000800  *
0x6A70D000  0x00000800  +
0x6A70D800  0x00000800  *
0x6A70E000  0x00000800  +
0x6A70E800  0x00000800  *
0x6A70F000  0x00000800  +
0x6A70F800  0x00000800  *
0x6A710000  0x00000800  +
0x6A710800  0x00000800  *
0x6A711000  0x00000800  +
0x6A711800  0x00000800  *
0x6A712000  0x00000800  +
0x6A712800  0x00000800  *
0x6A713000  0x00000800  +
0x6A713800  0x00000800  *
0x6A714000  0x00000800  +
0x6A714800  0x00000800  *
0x6A715000  0x00000800  +
0x6A715800  0x00000800  *
0x6A716000  0x0001A000  +
0x6A730000  0x00000800  *
0x6A730800  0x00000800  +
0x6A731000  0x00000800  *
0x6A731800  0x00000800  +
0x6A732000  0x00000800  *
0x6A732800  0x00000800  +
0x6A733000  0x00000800  *
0x6A733800  0x00000800  +
0x6A734000  0x00000800  *
0x6A734800  0x00000800  +
0x6A735000  0x00000800  *
0x6A735800  0x00000800  +
0x6A736000  0x00000800  *
0x6A736800  0x00000800  +
0x6A737000  0x00000800  *
0x6A737800  0x00000800  +
0x6A738000  0x00000800  *
0x6A738800  0x00000800  +
0x6A739000  0x00000800  *
0x6A739800  0x00000800  +
0x6A73A000  0x00000800  *
0x6A73A800  0x00000800  +
0x6A73B000  0x00000800  *
0x6A73B800  0x00000800  +
0x6A73C000  0x00000800  *
0x6A73C800  0x00000800  +
0x6A73D000  0x00000800  *
0x6A73D800  0x00000800  +
0x6A73E000  0x00000800  *
0x6A73E800  0x00000800  +
0x6A73F000  0x00000800  *
0x6A73F800  0x00000800  +
0x6A740000  0x00000800  *
0x6A740800  0x00000800  +
0x6A741000  0x00000800  *
0x6A741800  0x00000800  +
0x6A742000  0x00000800  *
0x6A742800  0x00000800  +
0x6A743000  0x00000800  *
0x6A743800  0x00000800  +
0x6A744000  0x00000800  *
0x6A744800  0x00000800  +
0x6A745000  0x00000800  *
0x6A745800  0x00000800  +
0x6A746000  0x00000800  *
0x6A746800  0x00000800  +
0x6A747000  0x00000800  *
0x6A747800  0x00000800  +
0x6A748000  0x00000800  *
0x6A748800  0x00000800  +
0x6A749000  0x00000800  *
0x6A749800  0x00000800  +
0x6A74A000  0x00000800  *
0x6A74A800  0x00000800  +
0x6A74B000  0x00000800  *
0x6A74B800  0x00000800  +
0x6A74C000  0x00000800  *
0x6A74C800  0x00000800  +
0x6A74D000  0x00000800  *
0x6A74D800  0x00000800  +
0x6A74E000  0x00000800  *
0x6A74E800  0x00000800  +
0x6A74F000  0x00000800  *
0x6A74F800  0x00010800  +
0x6A760000  0x00000800  *
0x6A760800  0x00000800  +
0x6A761000  0x00000800  *
0x6A761800  0x00055800  +
0x6A7B7000  0x00000800  *
0x6A7B7800  0x00000800  +
0x6A7B8000  0x00000800  *
0x6A7B8800  0x00000800  +
0x6A7B9000  0x00000800  *
0x6A7B9800  0x00000800  +
0x6A7BA000  0x00000800  *
0x6A7BA800  0x00000800  +
0x6A7BB000  0x00000800  *
0x6A7BB800  0x00000800  +
0x6A7BC000  0x00000800  *
0x6A7BC800  0x00000800  +
0x6A7BD000  0x00000800  *
0x6A7BD800  0x00000800  +
0x6A7BE000  0x00000800  *
0x6A7BE800  0x00000800  +
0x6A7BF000  0x00000800  *
0x6A7BF800  0x00010800  +
0x6A7D0000  0x00000800  *
0x6A7D0800  0x00000800  +
0x6A7D1000  0x00000800  *
0x6A7D1800  0x00000800  +
0x6A7D2000  0x00000800  *
0x6A7D2800  0x00000800  +
0x6A7D3000  0x00000800  *
0x6A7D3800  0x00000800  +
0x6A7D4000  0x00000800  *
0x6A7D4800  0x00000800  +
0x6A7D5000  0x00000800  *
0x6A7D5800  0x00000800  +
0x6A7D6000  0x00000800  *
0x6A7D6800  0x00000800  +
0x6A7D7000  0x00000800  *
0x6A7D7800  0x00000800  +
0x6A7D8000  0x00000800  *
0x6A7D8800  0x00000800  +
0x6A7D9000  0x00000800  *
0x6A7D9800  0x00000800  +
0x6A7DA000  0x00000800  *
0x6A7DA800  0x00000800  +
0x6A7DB000  0x00000800  *
0x6A7DB800  0x00000800  +
0x6A7DC000  0x00000800  *
0x6A7DC800  0x00000800  +
0x6A7DD000  0x00000800  *
0x6A7DD800  0x00000800  +
0x6A7DE000  0x00000800  *
0x6A7DE800  0x00000800  +
0x6A7DF000  0x00000800  *
0x6A7DF800  0x00000800  +
0x6A7E0000  0x00000800  *
0x6A7E0800  0x00000800  +
0x6A7E1000  0x00000800  *
0x6A7E1800  0x00000800  +
0x6A7E2000  0x00000800  *
0x6A7E2800  0x00000800  +
0x6A7E3000  0x00000800  *
0x6A7E3800  0x00000800  +
0x6A7E4000  0x00000800  *
0x6A7E4800  0x00000800  +
0x6A7E5000  0x00000800  *
0x6A7E5800  0x00000800  +
0x6A7E6000  0x00000800  *
0x6A7E6800  0x00000800  +
0x6A7E7000  0x00000800  *
0x6A7E7800  0x00000800  +
0x6A7E8000  0x00000800  *
0x6A7E8800  0x00000800  +
0x6A7E9000  0x00000800  *
0x6A7E9800  0x00000800  +
0x6A7EA000  0x00000800  *
0x6A7EA800  0x00000800  +
0x6A7EB000  0x00000800  *
0x6A7EB800  0x00000800  +
0x6A7EC000  0x00000800  *
0x6A7EC800  0x00000800  +
0x6A7ED000  0x00000800  *
0x6A7ED800  0x00000800  +
0x6A7EE000  0x00000800  *
0x6A7EE800  0x00000800  +
0x6A7EF000  0x00000800  *
0x6A7EF800  0x00010800  +
0x6A800000  0x00000800  *
0x6A800800  0x00000800  +
0x6A801000  0x00000800  *
0x6A801800  0x00034000  +
0x6A835800  0x00000800  *
0x6A836000  0x00000800  +
0x6A836800  0x00000800  *
0x6A837000  0x00000800  +
0x6A837800  0x00000800  *
0x6A838000  0x00000800  +
0x6A838800  0x00000800  *
0x6A839000  0x00000800  +
0x6A839800  0x00000800  *
0x6A83A000  0x00000800  +
0x6A83A800  0x00000800  *
0x6A83B000  0x00000800  +
0x6A83B800  0x00000800  *
0x6A83C000  0x00000800  +
0x6A83C800  0x00000800  *
0x6A83D000  0x00000800  +
0x6A83D800  0x00000800  *
0x6A83E000  0x00000800  +
0x6A83E800  0x00000800  *
0x6A83F000  0x00000800  +
0x6A83F800  0x00000800  *
0x6A840000  0x00090000  +
0x6A8D0000  0x00000800  *
0x6A8D0800  0x00000800  +
0x6A8D1000  0x00000800  *
0x6A8D1800  0x00000800  +
0x6A8D2000  0x00000800  *
0x6A8D2800  0x00000800  +
0x6A8D3000  0x00000800  *
0x6A8D3800  0x00000800  +
0x6A8D4000  0x00000800  *
0x6A8D4800  0x00000800  +
0x6A8D5000  0x00000800  *
0x6A8D5800  0x00000800  +
0x6A8D6000  0x00000800  *
0x6A8D6800  0x00000800  +
0x6A8D7000  0x00000800  *
0x6A8D7800  0x00000800  +
0x6A8D8000  0x00000800  *
0x6A8D8800  0x00000800  +
0x6A8D9000  0x00000800  *
0x6A8D9800  0x00000800  +
0x6A8DA000  0x00000800  *
0x6A8DA800  0x00000800  +
0x6A8DB000  0x00000800  *
0x6A8DB800  0x00000800  +
0x6A8DC000  0x00000800  *
0x6A8DC800  0x00000800  +
0x6A8DD000  0x00000800  *
0x6A8DD800  0x00000800  +
0x6A8DE000  0x00000800  *
0x6A8DE800  0x00000800  +
0x6A8DF000  0x00000800  *
0x6A8DF800  0x1663E0800  +
